【登录信息】
*dfb7792f119d396da3b4420695d700b9*
`登陆天数: 7天 / 645天
等级: 130
石头: 4009
呼符: 255
体力: 13877.283333333333 / 138
友情点: 0 / 466255`
*連続ログイン7日間到達おめでとうございます！
明日は1日目からリスタートされます。*
`獣の足跡 X 1
呼符 X 1
5月交換券(2024) X 1
`*カルデア・サマーアドベンチャー！ アンケート復刻版 開幕記念 ログインボーナス*
*開催期間中、1日1回 最大21回 ログインボーナスをプレゼント！*
`白銀の果実 X 1
`_2024-05-30 04:35:09_
--------
*141277de0c6c75d6fef1d51db132b647*
`登陆天数: 7天 / 644天
等级: 130
石头: 4015
呼符: 323
体力: 13877.303333333333 / 138
友情点: 0 / 470010`
*連続ログイン7日間到達おめでとうございます！
明日は1日目からリスタートされます。*
`獣の足跡 X 1
呼符 X 1
5月交換券(2024) X 1
`*カルデア・サマーアドベンチャー！ アンケート復刻版 開幕記念 ログインボーナス*
*開催期間中、1日1回 最大21回 ログインボーナスをプレゼント！*
`白銀の果実 X 1
`_2024-05-30 04:35:17_
--------
*dd1478490f0923e83e82e0d9462ab4c7*
`登陆天数: 7天 / 645天
等级: 130
石头: 4030
呼符: 262
体力: 13877.333333333334 / 138
友情点: 0 / 467205`
*連続ログイン7日間到達おめでとうございます！
明日は1日目からリスタートされます。*
`獣の足跡 X 1
呼符 X 1
5月交換券(2024) X 1
`*カルデア・サマーアドベンチャー！ アンケート復刻版 開幕記念 ログインボーナス*
*開催期間中、1日1回 最大21回 ログインボーナスをプレゼント！*
`白銀の果実 X 1
`_2024-05-30 04:35:25_
--------
*98239d709de6e01096a38e62bdf79ef3*
`登陆天数: 7天 / 644天
等级: 130
石头: 4012
呼符: 309
体力: 13877.36 / 138
友情点: 0 / 468310`
*連続ログイン7日間到達おめでとうございます！
明日は1日目からリスタートされます。*
`獣の足跡 X 1
呼符 X 1
5月交換券(2024) X 1
`*カルデア・サマーアドベンチャー！ アンケート復刻版 開幕記念 ログインボーナス*
*開催期間中、1日1回 最大21回 ログインボーナスをプレゼント！*
`白銀の果実 X 1
`_2024-05-30 04:35:33_
--------
*299736d03529135480f59e914b132031*
`登陆天数: 7天 / 645天
等级: 130
石头: 4008
呼符: 209
体力: 13877.386666666667 / 138
友情点: 0 / 466025`
*連続ログイン7日間到達おめでとうございます！
明日は1日目からリスタートされます。*
`獣の足跡 X 1
呼符 X 1
5月交換券(2024) X 1
`*カルデア・サマーアドベンチャー！ アンケート復刻版 開幕記念 ログインボーナス*
*開催期間中、1日1回 最大21回 ログインボーナスをプレゼント！*
`白銀の果実 X 1
`_2024-05-30 04:35:41_
--------
*e0a2dd39e92f0ccb2931797eaf9eaf5c*
`登陆天数: 7天 / 644天
等级: 130
石头: 3996
呼符: 155
体力: 13877.413333333334 / 138
友情点: 0 / 468695`
*連続ログイン7日間到達おめでとうございます！
明日は1日目からリスタートされます。*
`獣の足跡 X 1
呼符 X 1
5月交換券(2024) X 1
`*カルデア・サマーアドベンチャー！ アンケート復刻版 開幕記念 ログインボーナス*
*開催期間中、1日1回 最大21回 ログインボーナスをプレゼント！*
`白銀の果実 X 1
`_2024-05-30 04:35:48_
--------
*e181726bfabda682901bc0334152dd06*
`登陆天数: 7天 / 644天
等级: 130
石头: 4005
呼符: 24
体力: 13877.436666666666 / 138
友情点: 0 / 467185`
*連続ログイン7日間到達おめでとうございます！
明日は1日目からリスタートされます。*
`獣の足跡 X 1
呼符 X 1
5月交換券(2024) X 1
`*カルデア・サマーアドベンチャー！ アンケート復刻版 開幕記念 ログインボーナス*
*開催期間中、1日1回 最大21回 ログインボーナスをプレゼント！*
`白銀の果実 X 1
`_2024-05-30 04:35:56_
--------
*eece88bb653428e82db863d4157b0f33*
`登陆天数: 7天 / 644天
等级: 130
石头: 4001
呼符: 255
体力: 13877.466666666667 / 138
友情点: 0 / 469185`
*連続ログイン7日間到達おめでとうございます！
明日は1日目からリスタートされます。*
`獣の足跡 X 1
呼符 X 1
5月交換券(2024) X 1
`*カルデア・サマーアドベンチャー！ アンケート復刻版 開幕記念 ログインボーナス*
*開催期間中、1日1回 最大21回 ログインボーナスをプレゼント！*
`白銀の果実 X 1
`_2024-05-30 04:36:04_
--------
*65ef8b242817d25fd2d076b520f89429*
`登陆天数: 7天 / 644天
等级: 130
石头: 4007
呼符: 204
体力: 13877.493333333334 / 138
友情点: 0 / 467660`
*連続ログイン7日間到達おめでとうございます！
明日は1日目からリスタートされます。*
`獣の足跡 X 1
呼符 X 1
5月交換券(2024) X 1
`*カルデア・サマーアドベンチャー！ アンケート復刻版 開幕記念 ログインボーナス*
*開催期間中、1日1回 最大21回 ログインボーナスをプレゼント！*
`白銀の果実 X 1
`_2024-05-30 04:36:13_
--------
*e770773fb98a198b7c520831f126db7a*
`登陆天数: 7天 / 644天
等级: 130
石头: 3990
呼符: 271
体力: 13877.52 / 138
友情点: 0 / 467615`
*連続ログイン7日間到達おめでとうございます！
明日は1日目からリスタートされます。*
`獣の足跡 X 1
呼符 X 1
5月交換券(2024) X 1
`*カルデア・サマーアドベンチャー！ アンケート復刻版 開幕記念 ログインボーナス*
*開催期間中、1日1回 最大21回 ログインボーナスをプレゼント！*
`白銀の果実 X 1
`_2024-05-30 04:36:20_
--------
*e0a93af10759e7c22563d88477bade9d*
`登陆天数: 7天 / 644天
等级: 130
石头: 3996
呼符: 29
体力: 13877.546666666667 / 138
友情点: 0 / 468125`
*連続ログイン7日間到達おめでとうございます！
明日は1日目からリスタートされます。*
`獣の足跡 X 1
呼符 X 1
5月交換券(2024) X 1
`*カルデア・サマーアドベンチャー！ アンケート復刻版 開幕記念 ログインボーナス*
*開催期間中、1日1回 最大21回 ログインボーナスをプレゼント！*
`白銀の果実 X 1
`_2024-05-30 04:36:28_
--------
*86acfdfc1ed9f2c822d31fcc0e0e0dec*
`登陆天数: 7天 / 644天
等级: 130
石头: 3996
呼符: 149
体力: 13877.573333333334 / 138
友情点: 0 / 468505`
*連続ログイン7日間到達おめでとうございます！
明日は1日目からリスタートされます。*
`獣の足跡 X 1
呼符 X 1
5月交換券(2024) X 1
`*カルデア・サマーアドベンチャー！ アンケート復刻版 開幕記念 ログインボーナス*
*開催期間中、1日1回 最大21回 ログインボーナスをプレゼント！*
`白銀の果実 X 1
`_2024-05-30 04:36:37_
--------
*193f2b96f476b938283df65f88726f58*
`登陆天数: 7天 / 645天
等级: 130
石头: 3981
呼符: 275
体力: 13877.596666666666 / 138
友情点: 0 / 465845`
*連続ログイン7日間到達おめでとうございます！
明日は1日目からリスタートされます。*
`獣の足跡 X 1
呼符 X 1
5月交換券(2024) X 1
`*カルデア・サマーアドベンチャー！ アンケート復刻版 開幕記念 ログインボーナス*
*開催期間中、1日1回 最大21回 ログインボーナスをプレゼント！*
`白銀の果実 X 1
`_2024-05-30 04:36:44_
--------
*6d7d3eef567106c05f7574752788cfe5*
`登陆天数: 7天 / 644天
等级: 130
石头: 4020
呼符: 143
体力: 13877.626666666667 / 138
友情点: 0 / 468460`
*連続ログイン7日間到達おめでとうございます！
明日は1日目からリスタートされます。*
`獣の足跡 X 1
呼符 X 1
5月交換券(2024) X 1
`*カルデア・サマーアドベンチャー！ アンケート復刻版 開幕記念 ログインボーナス*
*開催期間中、1日1回 最大21回 ログインボーナスをプレゼント！*
`白銀の果実 X 1
`_2024-05-30 04:36:52_
--------
*bd0494f5f49d3b6dcf01172361625e7d*
`登陆天数: 7天 / 644天
等级: 130
石头: 4016
呼符: 266
体力: 13877.65 / 138
友情点: 0 / 468355`
*連続ログイン7日間到達おめでとうございます！
明日は1日目からリスタートされます。*
`獣の足跡 X 1
呼符 X 1
5月交換券(2024) X 1
`*カルデア・サマーアドベンチャー！ アンケート復刻版 開幕記念 ログインボーナス*
*開催期間中、1日1回 最大21回 ログインボーナスをプレゼント！*
`白銀の果実 X 1
`_2024-05-30 04:37:00_
--------
*fc0ad2d37387e5cea92ddfd45b0d7b37*
`登陆天数: 7天 / 644天
等级: 130
石头: 4047
呼符: 104
体力: 13877.676666666666 / 138
友情点: 0 / 469845`
*連続ログイン7日間到達おめでとうございます！
明日は1日目からリスタートされます。*
`獣の足跡 X 1
呼符 X 1
5月交換券(2024) X 1
`*カルデア・サマーアドベンチャー！ アンケート復刻版 開幕記念 ログインボーナス*
*開催期間中、1日1回 最大21回 ログインボーナスをプレゼント！*
`白銀の果実 X 1
`_2024-05-30 04:37:08_
--------
*76511083dad51d1fba52bed528085f50*
`登陆天数: 7天 / 644天
等级: 130
石头: 4008
呼符: 283
体力: 13877.706666666667 / 138
友情点: 0 / 469650`
*連続ログイン7日間到達おめでとうございます！
明日は1日目からリスタートされます。*
`獣の足跡 X 1
呼符 X 1
5月交換券(2024) X 1
`*カルデア・サマーアドベンチャー！ アンケート復刻版 開幕記念 ログインボーナス*
*開催期間中、1日1回 最大21回 ログインボーナスをプレゼント！*
`白銀の果実 X 1
`_2024-05-30 04:37:16_
--------
*d7ad9fd972b788dfed5336419afb514b*
`登陆天数: 7天 / 644天
等级: 130
石头: 4008
呼符: 166
体力: 13877.733333333334 / 138
友情点: 0 / 468425`
*連続ログイン7日間到達おめでとうございます！
明日は1日目からリスタートされます。*
`獣の足跡 X 1
呼符 X 1
5月交換券(2024) X 1
`*カルデア・サマーアドベンチャー！ アンケート復刻版 開幕記念 ログインボーナス*
*開催期間中、1日1回 最大21回 ログインボーナスをプレゼント！*
`白銀の果実 X 1
`_2024-05-30 04:37:24_
--------
*746392085d94995c62fa0ac2b143151f*
`登陆天数: 7天 / 644天
等级: 130
石头: 4006
呼符: 265
体力: 13877.756666666666 / 138
友情点: 0 / 468110`
*連続ログイン7日間到達おめでとうございます！
明日は1日目からリスタートされます。*
`獣の足跡 X 1
呼符 X 1
5月交換券(2024) X 1
`*カルデア・サマーアドベンチャー！ アンケート復刻版 開幕記念 ログインボーナス*
*開催期間中、1日1回 最大21回 ログインボーナスをプレゼント！*
`白銀の果実 X 1
`_2024-05-30 04:37:32_
--------
*e7552423672bfffeb458f5e501f465ef*
`登陆天数: 7天 / 645天
等级: 130
石头: 4003
呼符: 307
体力: 13877.783333333333 / 138
友情点: 0 / 466995`
*連続ログイン7日間到達おめでとうございます！
明日は1日目からリスタートされます。*
`獣の足跡 X 1
呼符 X 1
5月交換券(2024) X 1
`*カルデア・サマーアドベンチャー！ アンケート復刻版 開幕記念 ログインボーナス*
*開催期間中、1日1回 最大21回 ログインボーナスをプレゼント！*
`白銀の果実 X 1
`_2024-05-30 04:37:40_
--------
*86e91afbc09c80f3838de04cc41b3dce*
`登陆天数: 7天 / 645天
等级: 130
石头: 3989
呼符: 317
体力: 13877.81 / 138
友情点: 0 / 466120`
*連続ログイン7日間到達おめでとうございます！
明日は1日目からリスタートされます。*
`獣の足跡 X 1
呼符 X 1
5月交換券(2024) X 1
`*カルデア・サマーアドベンチャー！ アンケート復刻版 開幕記念 ログインボーナス*
*開催期間中、1日1回 最大21回 ログインボーナスをプレゼント！*
`白銀の果実 X 1
`_2024-05-30 04:37:48_
--------
*dd6e1de4839a9c7ca8cba75faae4493d*
`登陆天数: 7天 / 644天
等级: 130
石头: 4011
呼符: 262
体力: 13877.836666666666 / 138
友情点: 0 / 468475`
*連続ログイン7日間到達おめでとうございます！
明日は1日目からリスタートされます。*
`獣の足跡 X 1
呼符 X 1
5月交換券(2024) X 1
`*カルデア・サマーアドベンチャー！ アンケート復刻版 開幕記念 ログインボーナス*
*開催期間中、1日1回 最大21回 ログインボーナスをプレゼント！*
`白銀の果実 X 1
`_2024-05-30 04:37:55_
--------
*522239772739659557effc23809f94bd*
`登陆天数: 7天 / 644天
等级: 130
石头: 3970
呼符: 237
体力: 13877.863333333333 / 138
友情点: 0 / 468665`
*連続ログイン7日間到達おめでとうございます！
明日は1日目からリスタートされます。*
`獣の足跡 X 1
呼符 X 1
5月交換券(2024) X 1
`*カルデア・サマーアドベンチャー！ アンケート復刻版 開幕記念 ログインボーナス*
*開催期間中、1日1回 最大21回 ログインボーナスをプレゼント！*
`白銀の果実 X 1
`_2024-05-30 04:38:03_
--------
*107eb42ca9d4f61704ca888465dd0962*
`登陆天数: 7天 / 645天
等级: 130
石头: 4012
呼符: 308
体力: 13877.886666666667 / 138
友情点: 0 / 466215`
*連続ログイン7日間到達おめでとうございます！
明日は1日目からリスタートされます。*
`獣の足跡 X 1
呼符 X 1
5月交換券(2024) X 1
`*カルデア・サマーアドベンチャー！ アンケート復刻版 開幕記念 ログインボーナス*
*開催期間中、1日1回 最大21回 ログインボーナスをプレゼント！*
`白銀の果実 X 1
`_2024-05-30 04:38:11_
--------
*e974e403a7de40a4fd5ac94f24bb0834*
`登陆天数: 7天 / 644天
等级: 130
石头: 4014
呼符: 298
体力: 13877.906666666666 / 138
友情点: 0 / 468685`
*連続ログイン7日間到達おめでとうございます！
明日は1日目からリスタートされます。*
`獣の足跡 X 1
呼符 X 1
5月交換券(2024) X 1
`*カルデア・サマーアドベンチャー！ アンケート復刻版 開幕記念 ログインボーナス*
*開催期間中、1日1回 最大21回 ログインボーナスをプレゼント！*
`白銀の果実 X 1
`_2024-05-30 04:38:19_
--------
*cc0c2d119e0c2d36d701542f0f1a4a03*
`登陆天数: 7天 / 644天
等级: 130
石头: 4005
呼符: 264
体力: 13877.94 / 138
友情点: 0 / 470905`
*連続ログイン7日間到達おめでとうございます！
明日は1日目からリスタートされます。*
`獣の足跡 X 1
呼符 X 1
5月交換券(2024) X 1
`*カルデア・サマーアドベンチャー！ アンケート復刻版 開幕記念 ログインボーナス*
*開催期間中、1日1回 最大21回 ログインボーナスをプレゼント！*
`白銀の果実 X 1
`_2024-05-30 04:38:27_
--------
*f2a6fe82cd506802dff6d7d591f71f2c*
`登陆天数: 7天 / 644天
等级: 130
石头: 4006
呼符: 230
体力: 13877.963333333333 / 138
友情点: 0 / 469395`
*連続ログイン7日間到達おめでとうございます！
明日は1日目からリスタートされます。*
`獣の足跡 X 1
呼符 X 1
5月交換券(2024) X 1
`*カルデア・サマーアドベンチャー！ アンケート復刻版 開幕記念 ログインボーナス*
*開催期間中、1日1回 最大21回 ログインボーナスをプレゼント！*
`白銀の果実 X 1
`_2024-05-30 04:38:34_
--------
*c60ee5cfee36c33ea1e8207f5c9dce01*
`登陆天数: 7天 / 645天
等级: 130
石头: 4016
呼符: 67
体力: 13877.993333333334 / 138
友情点: 0 / 466580`
*連続ログイン7日間到達おめでとうございます！
明日は1日目からリスタートされます。*
`獣の足跡 X 1
呼符 X 1
5月交換券(2024) X 1
`*カルデア・サマーアドベンチャー！ アンケート復刻版 開幕記念 ログインボーナス*
*開催期間中、1日1回 最大21回 ログインボーナスをプレゼント！*
`白銀の果実 X 1
`_2024-05-30 04:38:42_
--------
*ec472d80b620d9fbba63c7f35db87eaa*
`登陆天数: 7天 / 644天
等级: 130
石头: 4013
呼符: 133
体力: 13878.016666666666 / 138
友情点: 0 / 467560`
*連続ログイン7日間到達おめでとうございます！
明日は1日目からリスタートされます。*
`獣の足跡 X 1
呼符 X 1
5月交換券(2024) X 1
`*カルデア・サマーアドベンチャー！ アンケート復刻版 開幕記念 ログインボーナス*
*開催期間中、1日1回 最大21回 ログインボーナスをプレゼント！*
`白銀の果実 X 1
`_2024-05-30 04:38:50_
--------
*c105c8e100822d96094fcf01c92da216*
`登陆天数: 7天 / 645天
等级: 130
石头: 4010
呼符: 121
体力: 13878.046666666667 / 138
友情点: 0 / 466610`
*連続ログイン7日間到達おめでとうございます！
明日は1日目からリスタートされます。*
`獣の足跡 X 1
呼符 X 1
5月交換券(2024) X 1
`*カルデア・サマーアドベンチャー！ アンケート復刻版 開幕記念 ログインボーナス*
*開催期間中、1日1回 最大21回 ログインボーナスをプレゼント！*
`白銀の果実 X 1
`_2024-05-30 04:38:58_
--------
*abb07509768ead9fecc8c4f260955dd2*
`登陆天数: 7天 / 644天
等级: 130
石头: 3996
呼符: 112
体力: 13878.073333333334 / 138
友情点: 0 / 468425`
*連続ログイン7日間到達おめでとうございます！
明日は1日目からリスタートされます。*
`獣の足跡 X 1
呼符 X 1
5月交換券(2024) X 1
`*カルデア・サマーアドベンチャー！ アンケート復刻版 開幕記念 ログインボーナス*
*開催期間中、1日1回 最大21回 ログインボーナスをプレゼント！*
`白銀の果実 X 1
`_2024-05-30 04:39:06_
--------
*447fe6afd55db903bf3e2470e0ba7078*
`登陆天数: 7天 / 645天
等级: 130
石头: 4007
呼符: 269
体力: 13878.096666666666 / 138
友情点: 0 / 466515`
*連続ログイン7日間到達おめでとうございます！
明日は1日目からリスタートされます。*
`獣の足跡 X 1
呼符 X 1
5月交換券(2024) X 1
`*カルデア・サマーアドベンチャー！ アンケート復刻版 開幕記念 ログインボーナス*
*開催期間中、1日1回 最大21回 ログインボーナスをプレゼント！*
`白銀の果実 X 1
`_2024-05-30 04:39:14_
--------
*84a7018410e84af84a669176186ae875*
`登陆天数: 7天 / 645天
等级: 130
石头: 4006
呼符: 72
体力: 13878.126666666667 / 138
友情点: 0 / 468140`
*連続ログイン7日間到達おめでとうございます！
明日は1日目からリスタートされます。*
`獣の足跡 X 1
呼符 X 1
5月交換券(2024) X 1
`*カルデア・サマーアドベンチャー！ アンケート復刻版 開幕記念 ログインボーナス*
*開催期間中、1日1回 最大21回 ログインボーナスをプレゼント！*
`白銀の果実 X 1
`_2024-05-30 04:39:22_
--------
*7a1f24a244dcdf60f36534f419dbb908*
`登陆天数: 7天 / 645天
等级: 130
石头: 4015
呼符: 253
体力: 13878.153333333334 / 138
友情点: 0 / 465630`
*連続ログイン7日間到達おめでとうございます！
明日は1日目からリスタートされます。*
`獣の足跡 X 1
呼符 X 1
5月交換券(2024) X 1
`*カルデア・サマーアドベンチャー！ アンケート復刻版 開幕記念 ログインボーナス*
*開催期間中、1日1回 最大21回 ログインボーナスをプレゼント！*
`白銀の果実 X 1
`_2024-05-30 04:39:30_
--------
*9840fe32dffd17a37d865eb561e48706*
`登陆天数: 7天 / 644天
等级: 130
石头: 4017
呼符: 303
体力: 13878.173333333334 / 138
友情点: 0 / 469215`
*連続ログイン7日間到達おめでとうございます！
明日は1日目からリスタートされます。*
`獣の足跡 X 1
呼符 X 1
5月交換券(2024) X 1
`*カルデア・サマーアドベンチャー！ アンケート復刻版 開幕記念 ログインボーナス*
*開催期間中、1日1回 最大21回 ログインボーナスをプレゼント！*
`白銀の果実 X 1
`_2024-05-30 04:39:38_
--------
*fedd4b98bcabc582a26ebb7d9218839c*
`登陆天数: 7天 / 645天
等级: 130
石头: 3982
呼符: 236
体力: 13878.203333333333 / 138
友情点: 0 / 466210`
*連続ログイン7日間到達おめでとうございます！
明日は1日目からリスタートされます。*
`獣の足跡 X 1
呼符 X 1
5月交換券(2024) X 1
`*カルデア・サマーアドベンチャー！ アンケート復刻版 開幕記念 ログインボーナス*
*開催期間中、1日1回 最大21回 ログインボーナスをプレゼント！*
`白銀の果実 X 1
`_2024-05-30 04:39:46_
--------
*e3473d7da1ea2849e657ff7b2f763372*
`登陆天数: 7天 / 644天
等级: 130
石头: 3966
呼符: 231
体力: 13878.23 / 138
友情点: 0 / 468160`
*連続ログイン7日間到達おめでとうございます！
明日は1日目からリスタートされます。*
`獣の足跡 X 1
呼符 X 1
5月交換券(2024) X 1
`*カルデア・サマーアドベンチャー！ アンケート復刻版 開幕記念 ログインボーナス*
*開催期間中、1日1回 最大21回 ログインボーナスをプレゼント！*
`白銀の果実 X 1
`_2024-05-30 04:39:54_
--------
*999dafd482871ce4d71758002f760eee*
`登陆天数: 7天 / 645天
等级: 130
石头: 4001
呼符: 279
体力: 13878.26 / 138
友情点: 0 / 465590`
*連続ログイン7日間到達おめでとうございます！
明日は1日目からリスタートされます。*
`獣の足跡 X 1
呼符 X 1
5月交換券(2024) X 1
`*カルデア・サマーアドベンチャー！ アンケート復刻版 開幕記念 ログインボーナス*
*開催期間中、1日1回 最大21回 ログインボーナスをプレゼント！*
`白銀の果実 X 1
`_2024-05-30 04:40:02_
--------
*a0045c34dc879882d839d73b274b4d58*
`登陆天数: 7天 / 644天
等级: 130
石头: 4006
呼符: 321
体力: 13878.28 / 138
友情点: 0 / 468880`
*連続ログイン7日間到達おめでとうございます！
明日は1日目からリスタートされます。*
`獣の足跡 X 1
呼符 X 1
5月交換券(2024) X 1
`*カルデア・サマーアドベンチャー！ アンケート復刻版 開幕記念 ログインボーナス*
*開催期間中、1日1回 最大21回 ログインボーナスをプレゼント！*
`白銀の果実 X 1
`_2024-05-30 04:40:10_
--------
*00299b672478a235f710d99394badc20*
`登陆天数: 7天 / 645天
等级: 130
石头: 4008
呼符: 313
体力: 13878.31 / 138
友情点: 0 / 465650`
*連続ログイン7日間到達おめでとうございます！
明日は1日目からリスタートされます。*
`獣の足跡 X 1
呼符 X 1
5月交換券(2024) X 1
`*カルデア・サマーアドベンチャー！ アンケート復刻版 開幕記念 ログインボーナス*
*開催期間中、1日1回 最大21回 ログインボーナスをプレゼント！*
`白銀の果実 X 1
`_2024-05-30 04:40:18_
--------
*ec94a9fec37509a6b90cf874d588a882*
`登陆天数: 7天 / 644天
等级: 130
石头: 4006
呼符: 276
体力: 13878.333333333334 / 138
友情点: 0 / 467540`
*連続ログイン7日間到達おめでとうございます！
明日は1日目からリスタートされます。*
`獣の足跡 X 1
呼符 X 1
5月交換券(2024) X 1
`*カルデア・サマーアドベンチャー！ アンケート復刻版 開幕記念 ログインボーナス*
*開催期間中、1日1回 最大21回 ログインボーナスをプレゼント！*
`白銀の果実 X 1
`_2024-05-30 04:40:26_
--------
*da49e755867411850ee56a1c30da8b22*
`登陆天数: 7天 / 644天
等级: 130
石头: 4011
呼符: 166
体力: 13878.363333333333 / 138
友情点: 0 / 467855`
*連続ログイン7日間到達おめでとうございます！
明日は1日目からリスタートされます。*
`獣の足跡 X 1
呼符 X 1
5月交換券(2024) X 1
`*カルデア・サマーアドベンチャー！ アンケート復刻版 開幕記念 ログインボーナス*
*開催期間中、1日1回 最大21回 ログインボーナスをプレゼント！*
`白銀の果実 X 1
`_2024-05-30 04:40:34_
--------
*cab2ad7f4db21a0bcfc36cf659bea263*
`登陆天数: 7天 / 645天
等级: 130
石头: 4001
呼符: 123
体力: 13878.386666666667 / 138
友情点: 0 / 467075`
*連続ログイン7日間到達おめでとうございます！
明日は1日目からリスタートされます。*
`獣の足跡 X 1
呼符 X 1
5月交換券(2024) X 1
`*カルデア・サマーアドベンチャー！ アンケート復刻版 開幕記念 ログインボーナス*
*開催期間中、1日1回 最大21回 ログインボーナスをプレゼント！*
`白銀の果実 X 1
`_2024-05-30 04:40:41_
--------
*35b65258ae4a0736ac0a02c4848260d8*
`登陆天数: 7天 / 644天
等级: 130
石头: 4006
呼符: 24
体力: 13878.413333333334 / 138
友情点: 0 / 470255`
*連続ログイン7日間到達おめでとうございます！
明日は1日目からリスタートされます。*
`獣の足跡 X 1
呼符 X 1
5月交換券(2024) X 1
`*カルデア・サマーアドベンチャー！ アンケート復刻版 開幕記念 ログインボーナス*
*開催期間中、1日1回 最大21回 ログインボーナスをプレゼント！*
`白銀の果実 X 1
`_2024-05-30 04:40:49_
--------
*c3537e542a8d4a88124fd7512d8b86cf*
`登陆天数: 7天 / 645天
等级: 130
石头: 4010
呼符: 303
体力: 13878.44 / 138
友情点: 0 / 467400`
*連続ログイン7日間到達おめでとうございます！
明日は1日目からリスタートされます。*
`獣の足跡 X 1
呼符 X 1
5月交換券(2024) X 1
`*カルデア・サマーアドベンチャー！ アンケート復刻版 開幕記念 ログインボーナス*
*開催期間中、1日1回 最大21回 ログインボーナスをプレゼント！*
`白銀の果実 X 1
`_2024-05-30 04:40:57_
--------
*1f7f506e36c47ff0f513f433fe827f5a*
`登陆天数: 7天 / 645天
等级: 130
石头: 4011
呼符: 25
体力: 13878.466666666667 / 138
友情点: 0 / 466670`
*連続ログイン7日間到達おめでとうございます！
明日は1日目からリスタートされます。*
`獣の足跡 X 1
呼符 X 1
5月交換券(2024) X 1
`*カルデア・サマーアドベンチャー！ アンケート復刻版 開幕記念 ログインボーナス*
*開催期間中、1日1回 最大21回 ログインボーナスをプレゼント！*
`白銀の果実 X 1
`_2024-05-30 04:41:05_
--------
*f5dc7639ed1cbd7381ce526d77956686*
`登陆天数: 7天 / 644天
等级: 130
石头: 4000
呼符: 253
体力: 13878.49 / 138
友情点: 0 / 467495`
*連続ログイン7日間到達おめでとうございます！
明日は1日目からリスタートされます。*
`獣の足跡 X 1
呼符 X 1
5月交換券(2024) X 1
`*カルデア・サマーアドベンチャー！ アンケート復刻版 開幕記念 ログインボーナス*
*開催期間中、1日1回 最大21回 ログインボーナスをプレゼント！*
`白銀の果実 X 1
`_2024-05-30 04:41:13_
--------
*6ed6ae9faaeb1ae1e4330085c597c517*
`登陆天数: 7天 / 644天
等级: 130
石头: 3983
呼符: 315
体力: 13878.523333333333 / 138
友情点: 0 / 468365`
*連続ログイン7日間到達おめでとうございます！
明日は1日目からリスタートされます。*
`獣の足跡 X 1
呼符 X 1
5月交換券(2024) X 1
`*カルデア・サマーアドベンチャー！ アンケート復刻版 開幕記念 ログインボーナス*
*開催期間中、1日1回 最大21回 ログインボーナスをプレゼント！*
`白銀の果実 X 1
`_2024-05-30 04:41:21_
--------
*526ff769cafe8799e697e452413308df*
`登陆天数: 7天 / 644天
等级: 130
石头: 4010
呼符: 24
体力: 13878.55 / 138
友情点: 0 / 467870`
*連続ログイン7日間到達おめでとうございます！
明日は1日目からリスタートされます。*
`獣の足跡 X 1
呼符 X 1
5月交換券(2024) X 1
`*カルデア・サマーアドベンチャー！ アンケート復刻版 開幕記念 ログインボーナス*
*開催期間中、1日1回 最大21回 ログインボーナスをプレゼント！*
`白銀の果実 X 1
`_2024-05-30 04:41:29_
--------
*6611f6468b92247d0811ffd6a0eb44ff*
`登陆天数: 7天 / 645天
等级: 130
石头: 3999
呼符: 305
体力: 13878.573333333334 / 138
友情点: 0 / 465950`
*連続ログイン7日間到達おめでとうございます！
明日は1日目からリスタートされます。*
`獣の足跡 X 1
呼符 X 1
5月交換券(2024) X 1
`*カルデア・サマーアドベンチャー！ アンケート復刻版 開幕記念 ログインボーナス*
*開催期間中、1日1回 最大21回 ログインボーナスをプレゼント！*
`白銀の果実 X 1
`_2024-05-30 04:41:37_
--------
