【登录信息】
*dfb7792f119d396da3b4420695d700b9*
`登陆天数: 39天 / 677天
等级: 130
石头: 4009
呼符: 255
体力: 23089.89 / 138
友情点: 0 / 466255`
_2024-07-01 04:18:12_
--------
*141277de0c6c75d6fef1d51db132b647*
`登陆天数: 39天 / 676天
等级: 130
石头: 4106
呼符: 342
体力: 27.38666666666667 / 138
友情点: 0 / 368010`
_2024-07-01 04:18:19_
--------
*dd1478490f0923e83e82e0d9462ab4c7*
`登陆天数: 39天 / 677天
等级: 130
石头: 4119
呼符: 281
体力: 27.349999999999994 / 138
友情点: 0 / 367205`
_2024-07-01 04:18:27_
--------
*98239d709de6e01096a38e62bdf79ef3*
`登陆天数: 39天 / 676天
等级: 130
石头: 4103
呼符: 328
体力: 27.319999999999993 / 138
友情点: 0 / 366310`
_2024-07-01 04:18:35_
--------
*299736d03529135480f59e914b132031*
`登陆天数: 39天 / 677天
等级: 130
石头: 4097
呼符: 228
体力: 27.290000000000006 / 138
友情点: 0 / 368025`
_2024-07-01 04:18:42_
--------
*e0a2dd39e92f0ccb2931797eaf9eaf5c*
`登陆天数: 39天 / 676天
等级: 130
石头: 4087
呼符: 174
体力: 27.25666666666666 / 138
友情点: 0 / 372695`
_2024-07-01 04:18:50_
--------
*e181726bfabda682901bc0334152dd06*
`登陆天数: 39天 / 676天
等级: 130
石头: 4096
呼符: 43
体力: 27.22333333333333 / 138
友情点: 0 / 389185`
_2024-07-01 04:18:58_
--------
*eece88bb653428e82db863d4157b0f33*
`登陆天数: 39天 / 676天
等级: 130
石头: 4092
呼符: 274
体力: 27.196666666666673 / 138
友情点: 0 / 367185`
_2024-07-01 04:19:05_
--------
*65ef8b242817d25fd2d076b520f89429*
`登陆天数: 39天 / 676天
等级: 130
石头: 4098
呼符: 223
体力: 27.163333333333327 / 138
友情点: 0 / 367660`
_2024-07-01 04:19:14_
--------
*e770773fb98a198b7c520831f126db7a*
`登陆天数: 39天 / 676天
等级: 130
石头: 4081
呼符: 290
体力: 27.13333333333334 / 138
友情点: 0 / 365615`
_2024-07-01 04:19:21_
--------
*e0a93af10759e7c22563d88477bade9d*
`登陆天数: 39天 / 676天
等级: 130
石头: 4087
呼符: 48
体力: 27.10333333333334 / 138
友情点: 0 / 386125`
_2024-07-01 04:19:29_
--------
*86acfdfc1ed9f2c822d31fcc0e0e0dec*
`登陆天数: 39天 / 676天
等级: 130
石头: 4087
呼符: 168
体力: 27.073333333333338 / 138
友情点: 0 / 378505`
_2024-07-01 04:19:37_
--------
*193f2b96f476b938283df65f88726f58*
`登陆天数: 39天 / 677天
等级: 130
石头: 4070
呼符: 294
体力: 27.046666666666667 / 138
友情点: 0 / 365845`
_2024-07-01 04:19:44_
--------
*6d7d3eef567106c05f7574752788cfe5*
`登陆天数: 39天 / 676天
等级: 130
石头: 4111
呼符: 162
体力: 27.016666666666666 / 138
友情点: 0 / 376460`
_2024-07-01 04:19:52_
--------
*bd0494f5f49d3b6dcf01172361625e7d*
`登陆天数: 39天 / 676天
等级: 130
石头: 4107
呼符: 285
体力: 26.989999999999995 / 138
友情点: 0 / 366355`
_2024-07-01 04:20:00_
--------
*fc0ad2d37387e5cea92ddfd45b0d7b37*
`登陆天数: 39天 / 676天
等级: 130
石头: 4138
呼符: 123
体力: 26.956666666666663 / 138
友情点: 0 / 381845`
_2024-07-01 04:20:08_
--------
*76511083dad51d1fba52bed528085f50*
`登陆天数: 39天 / 676天
等级: 130
石头: 4099
呼符: 302
体力: 26.930000000000007 / 138
友情点: 0 / 367650`
_2024-07-01 04:20:16_
--------
*d7ad9fd972b788dfed5336419afb514b*
`登陆天数: 39天 / 676天
等级: 130
石头: 4099
呼符: 185
体力: 26.900000000000006 / 138
友情点: 0 / 366425`
_2024-07-01 04:20:23_
--------
*746392085d94995c62fa0ac2b143151f*
`登陆天数: 39天 / 676天
等级: 130
石头: 4097
呼符: 284
体力: 26.86666666666666 / 138
友情点: 0 / 366110`
_2024-07-01 04:20:31_
--------
*e7552423672bfffeb458f5e501f465ef*
`登陆天数: 39天 / 677天
等级: 130
石头: 4092
呼符: 326
体力: 26.840000000000003 / 138
友情点: 0 / 366995`
_2024-07-01 04:20:38_
--------
*86e91afbc09c80f3838de04cc41b3dce*
`登陆天数: 39天 / 677天
等级: 130
石头: 4078
呼符: 336
体力: 26.806666666666672 / 138
友情点: 0 / 366120`
_2024-07-01 04:20:46_
--------
*dd6e1de4839a9c7ca8cba75faae4493d*
`登陆天数: 39天 / 676天
等级: 130
石头: 4102
呼符: 281
体力: 26.77666666666667 / 138
友情点: 0 / 366475`
_2024-07-01 04:20:54_
--------
*522239772739659557effc23809f94bd*
`登陆天数: 39天 / 676天
等级: 130
石头: 4061
呼符: 256
体力: 26.74666666666667 / 138
友情点: 0 / 366665`
_2024-07-01 04:21:01_
--------
*107eb42ca9d4f61704ca888465dd0962*
`登陆天数: 39天 / 677天
等级: 130
石头: 4101
呼符: 327
体力: 26.71333333333334 / 138
友情点: 0 / 366215`
_2024-07-01 04:21:09_
--------
*e974e403a7de40a4fd5ac94f24bb0834*
`登陆天数: 39天 / 676天
等级: 130
石头: 4105
呼符: 317
体力: 26.680000000000007 / 138
友情点: 0 / 366685`
_2024-07-01 04:21:17_
--------
*cc0c2d119e0c2d36d701542f0f1a4a03*
`登陆天数: 39天 / 676天
等级: 130
石头: 4096
呼符: 283
体力: 26.650000000000006 / 138
友情点: 0 / 368905`
_2024-07-01 04:21:24_
--------
*f2a6fe82cd506802dff6d7d591f71f2c*
`登陆天数: 39天 / 676天
等级: 130
石头: 4097
呼符: 249
体力: 26.620000000000005 / 138
友情点: 0 / 367395`
_2024-07-01 04:21:32_
--------
*c60ee5cfee36c33ea1e8207f5c9dce01*
`登陆天数: 39天 / 677天
等级: 130
石头: 4105
呼符: 86
体力: 26.586666666666673 / 138
友情点: 0 / 388580`
_2024-07-01 04:21:40_
--------
*ec472d80b620d9fbba63c7f35db87eaa*
`登陆天数: 39天 / 676天
等级: 130
石头: 4104
呼符: 152
体力: 26.560000000000002 / 138
友情点: 0 / 369560`
_2024-07-01 04:21:48_
--------
*c105c8e100822d96094fcf01c92da216*
`登陆天数: 39天 / 677天
等级: 130
石头: 4099
呼符: 140
体力: 26.53 / 138
友情点: 0 / 382610`
_2024-07-01 04:21:55_
--------
*abb07509768ead9fecc8c4f260955dd2*
`登陆天数: 39天 / 676天
等级: 130
石头: 4087
呼符: 131
体力: 26.5 / 138
友情点: 0 / 376425`
_2024-07-01 04:22:03_
--------
*447fe6afd55db903bf3e2470e0ba7078*
`登陆天数: 39天 / 677天
等级: 130
石头: 4096
呼符: 288
体力: 26.47333333333333 / 138
友情点: 0 / 366515`
_2024-07-01 04:22:11_
--------
*84a7018410e84af84a669176186ae875*
`登陆天数: 39天 / 677天
等级: 130
石头: 4095
呼符: 91
体力: 26.446666666666673 / 138
友情点: 0 / 390140`
_2024-07-01 04:22:19_
--------
*7a1f24a244dcdf60f36534f419dbb908*
`登陆天数: 39天 / 677天
等级: 130
石头: 4104
呼符: 272
体力: 26.413333333333327 / 138
友情点: 0 / 365630`
_2024-07-01 04:22:27_
--------
*9840fe32dffd17a37d865eb561e48706*
`登陆天数: 39天 / 676天
等级: 130
石头: 4108
呼符: 322
体力: 26.38333333333334 / 138
友情点: 0 / 367215`
_2024-07-01 04:22:35_
--------
*fedd4b98bcabc582a26ebb7d9218839c*
`登陆天数: 39天 / 677天
等级: 130
石头: 4071
呼符: 255
体力: 26.36 / 138
友情点: 0 / 368210`
_2024-07-01 04:22:44_
--------
*e3473d7da1ea2849e657ff7b2f763372*
`登陆天数: 39天 / 676天
等级: 130
石头: 4057
呼符: 250
体力: 26.33 / 138
友情点: 0 / 370160`
_2024-07-01 04:22:53_
--------
*999dafd482871ce4d71758002f760eee*
`登陆天数: 39天 / 677天
等级: 130
石头: 4090
呼符: 298
体力: 26.296666666666667 / 138
友情点: 0 / 369590`
_2024-07-01 04:23:00_
--------
*a0045c34dc879882d839d73b274b4d58*
`登陆天数: 39天 / 676天
等级: 130
石头: 4097
呼符: 340
体力: 26.266666666666666 / 138
友情点: 0 / 368880`
_2024-07-01 04:23:08_
--------
*00299b672478a235f710d99394badc20*
`登陆天数: 39天 / 677天
等级: 130
石头: 4097
呼符: 332
体力: 26.239999999999995 / 138
友情点: 0 / 367650`
_2024-07-01 04:23:16_
--------
*ec94a9fec37509a6b90cf874d588a882*
`登陆天数: 39天 / 676天
等级: 130
石头: 4097
呼符: 295
体力: 26.209999999999994 / 138
友情点: 0 / 367540`
_2024-07-01 04:23:24_
--------
*da49e755867411850ee56a1c30da8b22*
`登陆天数: 39天 / 676天
等级: 130
石头: 4102
呼符: 185
体力: 26.180000000000007 / 138
友情点: 0 / 367855`
_2024-07-01 04:23:32_
--------
*cab2ad7f4db21a0bcfc36cf659bea263*
`登陆天数: 39天 / 677天
等级: 130
石头: 4090
呼符: 142
体力: 26.14666666666666 / 138
友情点: 0 / 375075`
_2024-07-01 04:23:40_
--------
*35b65258ae4a0736ac0a02c4848260d8*
`登陆天数: 39天 / 676天
等级: 130
石头: 4097
呼符: 43
体力: 26.11666666666666 / 138
友情点: 0 / 392255`
_2024-07-01 04:23:47_
--------
*c3537e542a8d4a88124fd7512d8b86cf*
`登陆天数: 39天 / 677天
等级: 130
石头: 4099
呼符: 322
体力: 26.090000000000003 / 138
友情点: 0 / 369400`
_2024-07-01 04:23:55_
--------
*1f7f506e36c47ff0f513f433fe827f5a*
`登陆天数: 39天 / 677天
等级: 130
石头: 4100
呼符: 44
体力: 26.056666666666672 / 138
友情点: 0 / 388670`
_2024-07-01 04:24:03_
--------
*f5dc7639ed1cbd7381ce526d77956686*
`登陆天数: 39天 / 676天
等级: 130
石头: 4091
呼符: 272
体力: 26.03 / 138
友情点: 0 / 367495`
_2024-07-01 04:24:11_
--------
*6ed6ae9faaeb1ae1e4330085c597c517*
`登陆天数: 39天 / 676天
等级: 130
石头: 4074
呼符: 334
体力: 26.00333333333333 / 138
友情点: 0 / 368365`
_2024-07-01 04:24:19_
--------
*526ff769cafe8799e697e452413308df*
`登陆天数: 39天 / 676天
等级: 130
石头: 4101
呼符: 43
体力: 25.97333333333333 / 138
友情点: 0 / 395870`
_2024-07-01 04:24:26_
--------
*6611f6468b92247d0811ffd6a0eb44ff*
`登陆天数: 39天 / 677天
等级: 130
石头: 4088
呼符: 324
体力: 25.943333333333328 / 138
友情点: 0 / 369950`
_2024-07-01 04:24:34_
--------
