【登录信息】
*dfb7792f119d396da3b4420695d700b9*
`登陆天数: 21天 / 659天
等级: 130
石头: 4009
呼符: 255
体力: 17908.683333333334 / 138
友情点: 0 / 466255`
_2024-06-13 04:32:09_
--------
*141277de0c6c75d6fef1d51db132b647*
`登陆天数: 21天 / 658天
等级: 130
石头: 4069
呼符: 333
体力: 12.739999999999995 / 138
友情点: 0 / 470010`
_2024-06-13 04:32:17_
--------
*dd1478490f0923e83e82e0d9462ab4c7*
`登陆天数: 21天 / 659天
等级: 130
石头: 4082
呼符: 272
体力: 12.706666666666663 / 138
友情点: 0 / 469205`
_2024-06-13 04:32:24_
--------
*98239d709de6e01096a38e62bdf79ef3*
`登陆天数: 21天 / 658天
等级: 130
石头: 4066
呼符: 319
体力: 12.676666666666662 / 138
友情点: 0 / 468310`
_2024-06-13 04:32:32_
--------
*299736d03529135480f59e914b132031*
`登陆天数: 21天 / 659天
等级: 130
石头: 4060
呼符: 219
体力: 12.64 / 138
友情点: 0 / 468025`
_2024-06-13 04:32:40_
--------
*e0a2dd39e92f0ccb2931797eaf9eaf5c*
`登陆天数: 21天 / 658天
等级: 130
石头: 4050
呼符: 165
体力: 12.61 / 138
友情点: 0 / 468695`
_2024-06-13 04:32:47_
--------
*e181726bfabda682901bc0334152dd06*
`登陆天数: 21天 / 658天
等级: 130
石头: 4059
呼符: 34
体力: 12.576666666666668 / 138
友情点: 0 / 467185`
_2024-06-13 04:32:55_
--------
*eece88bb653428e82db863d4157b0f33*
`登陆天数: 21天 / 658天
等级: 130
石头: 4055
呼符: 265
体力: 12.546666666666667 / 138
友情点: 0 / 469185`
_2024-06-13 04:33:03_
--------
*65ef8b242817d25fd2d076b520f89429*
`登陆天数: 21天 / 658天
等级: 130
石头: 4061
呼符: 214
体力: 12.513333333333335 / 138
友情点: 0 / 467660`
_2024-06-13 04:33:11_
--------
*e770773fb98a198b7c520831f126db7a*
`登陆天数: 21天 / 658天
等级: 130
石头: 4044
呼符: 281
体力: 12.480000000000004 / 138
友情点: 0 / 467615`
_2024-06-13 04:33:19_
--------
*e0a93af10759e7c22563d88477bade9d*
`登陆天数: 21天 / 658天
等级: 130
石头: 4050
呼符: 39
体力: 12.443333333333328 / 138
友情点: 0 / 468125`
_2024-06-13 04:33:27_
--------
*86acfdfc1ed9f2c822d31fcc0e0e0dec*
`登陆天数: 21天 / 658天
等级: 130
石头: 4050
呼符: 159
体力: 12.413333333333327 / 138
友情点: 0 / 468505`
_2024-06-13 04:33:34_
--------
*193f2b96f476b938283df65f88726f58*
`登陆天数: 21天 / 659天
等级: 130
石头: 4033
呼符: 285
体力: 12.379999999999995 / 138
友情点: 0 / 467845`
_2024-06-13 04:33:42_
--------
*6d7d3eef567106c05f7574752788cfe5*
`登陆天数: 21天 / 658天
等级: 130
石头: 4074
呼符: 153
体力: 12.349999999999994 / 138
友情点: 0 / 468460`
_2024-06-13 04:33:50_
--------
*bd0494f5f49d3b6dcf01172361625e7d*
`登陆天数: 21天 / 658天
等级: 130
石头: 4070
呼符: 276
体力: 12.313333333333333 / 138
友情点: 0 / 468355`
_2024-06-13 04:33:58_
--------
*fc0ad2d37387e5cea92ddfd45b0d7b37*
`登陆天数: 21天 / 658天
等级: 130
石头: 4101
呼符: 114
体力: 12.283333333333331 / 138
友情点: 0 / 469845`
_2024-06-13 04:34:05_
--------
*76511083dad51d1fba52bed528085f50*
`登陆天数: 21天 / 658天
等级: 130
石头: 4062
呼符: 293
体力: 12.25 / 138
友情点: 0 / 469650`
_2024-06-13 04:34:13_
--------
*d7ad9fd972b788dfed5336419afb514b*
`登陆天数: 21天 / 658天
等级: 130
石头: 4062
呼符: 176
体力: 12.216666666666669 / 138
友情点: 0 / 468425`
_2024-06-13 04:34:21_
--------
*746392085d94995c62fa0ac2b143151f*
`登陆天数: 21天 / 658天
等级: 130
石头: 4060
呼符: 275
体力: 12.180000000000007 / 138
友情点: 0 / 468110`
_2024-06-13 04:34:29_
--------
*e7552423672bfffeb458f5e501f465ef*
`登陆天数: 21天 / 659天
等级: 130
石头: 4055
呼符: 317
体力: 12.146666666666661 / 138
友情点: 0 / 468995`
_2024-06-13 04:34:37_
--------
*86e91afbc09c80f3838de04cc41b3dce*
`登陆天数: 21天 / 659天
等级: 130
石头: 4041
呼符: 327
体力: 12.11666666666666 / 138
友情点: 0 / 468120`
_2024-06-13 04:34:45_
--------
*dd6e1de4839a9c7ca8cba75faae4493d*
`登陆天数: 21天 / 658天
等级: 130
石头: 4065
呼符: 272
体力: 12.083333333333329 / 138
友情点: 0 / 468475`
_2024-06-13 04:34:52_
--------
*522239772739659557effc23809f94bd*
`登陆天数: 21天 / 658天
等级: 130
石头: 4024
呼符: 247
体力: 12.049999999999997 / 138
友情点: 0 / 468665`
_2024-06-13 04:35:00_
--------
*107eb42ca9d4f61704ca888465dd0962*
`登陆天数: 21天 / 659天
等级: 130
石头: 4064
呼符: 318
体力: 12.016666666666666 / 138
友情点: 0 / 468215`
_2024-06-13 04:35:08_
--------
*e974e403a7de40a4fd5ac94f24bb0834*
`登陆天数: 21天 / 658天
等级: 130
石头: 4068
呼符: 308
体力: 11.986666666666665 / 138
友情点: 0 / 468685`
_2024-06-13 04:35:15_
--------
*cc0c2d119e0c2d36d701542f0f1a4a03*
`登陆天数: 21天 / 658天
等级: 130
石头: 4059
呼符: 274
体力: 11.953333333333333 / 138
友情点: 0 / 470905`
_2024-06-13 04:35:23_
--------
*f2a6fe82cd506802dff6d7d591f71f2c*
`登陆天数: 21天 / 658天
等级: 130
石头: 4060
呼符: 240
体力: 11.920000000000002 / 138
友情点: 0 / 469395`
_2024-06-13 04:35:31_
--------
*c60ee5cfee36c33ea1e8207f5c9dce01*
`登陆天数: 21天 / 659天
等级: 130
石头: 4068
呼符: 77
体力: 11.89 / 138
友情点: 0 / 468580`
_2024-06-13 04:35:39_
--------
*ec472d80b620d9fbba63c7f35db87eaa*
`登陆天数: 21天 / 658天
等级: 130
石头: 4067
呼符: 143
体力: 11.85666666666667 / 138
友情点: 0 / 467560`
_2024-06-13 04:35:46_
--------
*c105c8e100822d96094fcf01c92da216*
`登陆天数: 21天 / 659天
等级: 130
石头: 4062
呼符: 131
体力: 11.819999999999993 / 138
友情点: 0 / 468610`
_2024-06-13 04:35:54_
--------
*abb07509768ead9fecc8c4f260955dd2*
`登陆天数: 21天 / 658天
等级: 130
石头: 4050
呼符: 122
体力: 11.790000000000006 / 138
友情点: 0 / 468425`
_2024-06-13 04:36:02_
--------
*447fe6afd55db903bf3e2470e0ba7078*
`登陆天数: 21天 / 659天
等级: 130
石头: 4059
呼符: 279
体力: 11.75333333333333 / 138
友情点: 0 / 468515`
_2024-06-13 04:36:09_
--------
*84a7018410e84af84a669176186ae875*
`登陆天数: 21天 / 659天
等级: 130
石头: 4058
呼符: 82
体力: 11.719999999999999 / 138
友情点: 0 / 470140`
_2024-06-13 04:36:17_
--------
*7a1f24a244dcdf60f36534f419dbb908*
`登陆天数: 21天 / 659天
等级: 130
石头: 4067
呼符: 263
体力: 11.689999999999998 / 138
友情点: 0 / 467630`
_2024-06-13 04:36:24_
--------
*9840fe32dffd17a37d865eb561e48706*
`登陆天数: 21天 / 658天
等级: 130
石头: 4071
呼符: 313
体力: 11.653333333333336 / 138
友情点: 0 / 469215`
_2024-06-13 04:36:32_
--------
*fedd4b98bcabc582a26ebb7d9218839c*
`登陆天数: 21天 / 659天
等级: 130
石头: 4034
呼符: 246
体力: 11.623333333333335 / 138
友情点: 0 / 468210`
_2024-06-13 04:36:39_
--------
*e3473d7da1ea2849e657ff7b2f763372*
`登陆天数: 21天 / 658天
等级: 130
石头: 4020
呼符: 241
体力: 11.583333333333329 / 138
友情点: 0 / 468160`
_2024-06-13 04:36:47_
--------
*999dafd482871ce4d71758002f760eee*
`登陆天数: 21天 / 659天
等级: 130
石头: 4053
呼符: 289
体力: 11.549999999999997 / 138
友情点: 0 / 467590`
_2024-06-13 04:36:54_
--------
*a0045c34dc879882d839d73b274b4d58*
`登陆天数: 21天 / 658天
等级: 130
石头: 4060
呼符: 331
体力: 11.519999999999996 / 138
友情点: 0 / 468880`
_2024-06-13 04:37:02_
--------
*00299b672478a235f710d99394badc20*
`登陆天数: 21天 / 659天
等级: 130
石头: 4060
呼符: 323
体力: 11.483333333333334 / 138
友情点: 0 / 467650`
_2024-06-13 04:37:10_
--------
*ec94a9fec37509a6b90cf874d588a882*
`登陆天数: 21天 / 658天
等级: 130
石头: 4060
呼符: 286
体力: 11.453333333333333 / 138
友情点: 0 / 467540`
_2024-06-13 04:37:18_
--------
*da49e755867411850ee56a1c30da8b22*
`登陆天数: 21天 / 658天
等级: 130
石头: 4065
呼符: 176
体力: 11.423333333333332 / 138
友情点: 0 / 467855`
_2024-06-13 04:37:25_
--------
*cab2ad7f4db21a0bcfc36cf659bea263*
`登陆天数: 21天 / 659天
等级: 130
石头: 4053
呼符: 133
体力: 11.38666666666667 / 138
友情点: 0 / 469075`
_2024-06-13 04:37:33_
--------
*35b65258ae4a0736ac0a02c4848260d8*
`登陆天数: 21天 / 658天
等级: 130
石头: 4060
呼符: 34
体力: 11.353333333333339 / 138
友情点: 0 / 470255`
_2024-06-13 04:37:41_
--------
*c3537e542a8d4a88124fd7512d8b86cf*
`登陆天数: 21天 / 659天
等级: 130
石头: 4062
呼符: 313
体力: 11.323333333333338 / 138
友情点: 0 / 469400`
_2024-06-13 04:37:48_
--------
*1f7f506e36c47ff0f513f433fe827f5a*
`登陆天数: 21天 / 659天
等级: 130
石头: 4063
呼符: 35
体力: 11.290000000000006 / 138
友情点: 0 / 468670`
_2024-06-13 04:37:56_
--------
*f5dc7639ed1cbd7381ce526d77956686*
`登陆天数: 21天 / 658天
等级: 130
石头: 4054
呼符: 263
体力: 11.25666666666666 / 138
友情点: 0 / 467495`
_2024-06-13 04:38:04_
--------
*6ed6ae9faaeb1ae1e4330085c597c517*
`登陆天数: 21天 / 658天
等级: 130
石头: 4037
呼符: 325
体力: 11.22333333333333 / 138
友情点: 0 / 468365`
_2024-06-13 04:38:11_
--------
*526ff769cafe8799e697e452413308df*
`登陆天数: 21天 / 658天
等级: 130
石头: 4064
呼符: 34
体力: 11.189999999999998 / 138
友情点: 0 / 467870`
_2024-06-13 04:38:19_
--------
*6611f6468b92247d0811ffd6a0eb44ff*
`登陆天数: 21天 / 659天
等级: 130
石头: 4051
呼符: 315
体力: 11.156666666666666 / 138
友情点: 0 / 467950`
_2024-06-13 04:38:27_
--------
