【登录信息】
*dfb7792f119d396da3b4420695d700b9*
`登陆天数: 22天 / 660天
等级: 130
石头: 4009
呼符: 255
体力: 18196.52666666667 / 138
友情点: 0 / 466255`
_2024-06-14 04:31:22_
--------
*141277de0c6c75d6fef1d51db132b647*
`登陆天数: 22天 / 659天
等级: 130
石头: 4069
呼符: 333
体力: 20.586666666666673 / 138
友情点: 0 / 466010`
_2024-06-14 04:31:30_
--------
*dd1478490f0923e83e82e0d9462ab4c7*
`登陆天数: 22天 / 660天
等级: 130
石头: 4082
呼符: 272
体力: 20.549999999999997 / 138
友情点: 0 / 465205`
_2024-06-14 04:31:38_
--------
*98239d709de6e01096a38e62bdf79ef3*
`登陆天数: 22天 / 659天
等级: 130
石头: 4066
呼符: 319
体力: 20.519999999999996 / 138
友情点: 0 / 464310`
_2024-06-14 04:31:46_
--------
*299736d03529135480f59e914b132031*
`登陆天数: 22天 / 660天
等级: 130
石头: 4060
呼符: 219
体力: 20.486666666666665 / 138
友情点: 0 / 464025`
_2024-06-14 04:31:53_
--------
*e0a2dd39e92f0ccb2931797eaf9eaf5c*
`登陆天数: 22天 / 659天
等级: 130
石头: 4050
呼符: 165
体力: 20.456666666666663 / 138
友情点: 0 / 464695`
_2024-06-14 04:32:01_
--------
*e181726bfabda682901bc0334152dd06*
`登陆天数: 22天 / 659天
等级: 130
石头: 4059
呼符: 34
体力: 20.423333333333332 / 138
友情点: 0 / 463185`
_2024-06-14 04:32:09_
--------
*eece88bb653428e82db863d4157b0f33*
`登陆天数: 22天 / 659天
等级: 130
石头: 4055
呼符: 265
体力: 20.39333333333333 / 138
友情点: 0 / 465185`
_2024-06-14 04:32:17_
--------
*65ef8b242817d25fd2d076b520f89429*
`登陆天数: 22天 / 659天
等级: 130
石头: 4061
呼符: 214
体力: 20.36 / 138
友情点: 0 / 463660`
_2024-06-14 04:32:25_
--------
*e770773fb98a198b7c520831f126db7a*
`登陆天数: 22天 / 659天
等级: 130
石头: 4044
呼符: 281
体力: 20.326666666666668 / 138
友情点: 0 / 463615`
_2024-06-14 04:32:33_
--------
*e0a93af10759e7c22563d88477bade9d*
`登陆天数: 22天 / 659天
等级: 130
石头: 4050
呼符: 39
体力: 20.290000000000006 / 138
友情点: 0 / 464125`
_2024-06-14 04:32:41_
--------
*86acfdfc1ed9f2c822d31fcc0e0e0dec*
`登陆天数: 22天 / 659天
等级: 130
石头: 4050
呼符: 159
体力: 20.260000000000005 / 138
友情点: 0 / 464505`
_2024-06-14 04:32:49_
--------
*193f2b96f476b938283df65f88726f58*
`登陆天数: 22天 / 660天
等级: 130
石头: 4033
呼符: 285
体力: 20.226666666666674 / 138
友情点: 0 / 463845`
_2024-06-14 04:32:57_
--------
*6d7d3eef567106c05f7574752788cfe5*
`登陆天数: 22天 / 659天
等级: 130
石头: 4074
呼符: 153
体力: 20.196666666666673 / 138
友情点: 0 / 464460`
_2024-06-14 04:33:04_
--------
*bd0494f5f49d3b6dcf01172361625e7d*
`登陆天数: 22天 / 659天
等级: 130
石头: 4070
呼符: 276
体力: 20.163333333333327 / 138
友情点: 0 / 464355`
_2024-06-14 04:33:12_
--------
*fc0ad2d37387e5cea92ddfd45b0d7b37*
`登陆天数: 22天 / 659天
等级: 130
石头: 4101
呼符: 114
体力: 20.129999999999995 / 138
友情点: 0 / 465845`
_2024-06-14 04:33:20_
--------
*76511083dad51d1fba52bed528085f50*
`登陆天数: 22天 / 659天
等级: 130
石头: 4062
呼符: 293
体力: 20.099999999999994 / 138
友情点: 0 / 465650`
_2024-06-14 04:33:28_
--------
*d7ad9fd972b788dfed5336419afb514b*
`登陆天数: 22天 / 659天
等级: 130
石头: 4062
呼符: 176
体力: 20.066666666666663 / 138
友情点: 0 / 464425`
_2024-06-14 04:33:36_
--------
*746392085d94995c62fa0ac2b143151f*
`登陆天数: 22天 / 659天
等级: 130
石头: 4060
呼符: 275
体力: 20.03333333333333 / 138
友情点: 0 / 464110`
_2024-06-14 04:33:44_
--------
*e7552423672bfffeb458f5e501f465ef*
`登陆天数: 22天 / 660天
等级: 130
石头: 4055
呼符: 317
体力: 20.0 / 138
友情点: 0 / 464995`
_2024-06-14 04:33:52_
--------
*86e91afbc09c80f3838de04cc41b3dce*
`登陆天数: 22天 / 660天
等级: 130
石头: 4041
呼符: 327
体力: 19.97 / 138
友情点: 0 / 464120`
_2024-06-14 04:34:00_
--------
*dd6e1de4839a9c7ca8cba75faae4493d*
`登陆天数: 22天 / 659天
等级: 130
石头: 4065
呼符: 272
体力: 19.933333333333337 / 138
友情点: 0 / 464475`
_2024-06-14 04:34:08_
--------
*522239772739659557effc23809f94bd*
`登陆天数: 22天 / 659天
等级: 130
石头: 4024
呼符: 247
体力: 19.903333333333336 / 138
友情点: 0 / 464665`
_2024-06-14 04:34:16_
--------
*107eb42ca9d4f61704ca888465dd0962*
`登陆天数: 22天 / 660天
等级: 130
石头: 4064
呼符: 318
体力: 19.870000000000005 / 138
友情点: 0 / 464215`
_2024-06-14 04:34:24_
--------
*e974e403a7de40a4fd5ac94f24bb0834*
`登陆天数: 22天 / 659天
等级: 130
石头: 4068
呼符: 308
体力: 19.840000000000003 / 138
友情点: 0 / 464685`
_2024-06-14 04:34:32_
--------
*cc0c2d119e0c2d36d701542f0f1a4a03*
`登陆天数: 22天 / 659天
等级: 130
石头: 4059
呼符: 274
体力: 19.810000000000002 / 138
友情点: 0 / 466905`
_2024-06-14 04:34:40_
--------
*f2a6fe82cd506802dff6d7d591f71f2c*
`登陆天数: 22天 / 659天
等级: 130
石头: 4060
呼符: 240
体力: 19.77666666666667 / 138
友情点: 0 / 465395`
_2024-06-14 04:34:48_
--------
*c60ee5cfee36c33ea1e8207f5c9dce01*
`登陆天数: 22天 / 660天
等级: 130
石头: 4068
呼符: 77
体力: 19.74666666666667 / 138
友情点: 0 / 464580`
_2024-06-14 04:34:55_
--------
*ec472d80b620d9fbba63c7f35db87eaa*
`登陆天数: 22天 / 659天
等级: 130
石头: 4067
呼符: 143
体力: 19.71333333333334 / 138
友情点: 0 / 463560`
_2024-06-14 04:35:03_
--------
*c105c8e100822d96094fcf01c92da216*
`登陆天数: 22天 / 660天
等级: 130
石头: 4062
呼符: 131
体力: 19.680000000000007 / 138
友情点: 0 / 464610`
_2024-06-14 04:35:11_
--------
*abb07509768ead9fecc8c4f260955dd2*
`登陆天数: 22天 / 659天
等级: 130
石头: 4050
呼符: 122
体力: 19.650000000000006 / 138
友情点: 0 / 464425`
_2024-06-14 04:35:19_
--------
*447fe6afd55db903bf3e2470e0ba7078*
`登陆天数: 22天 / 660天
等级: 130
石头: 4059
呼符: 279
体力: 19.61333333333333 / 138
友情点: 0 / 464515`
_2024-06-14 04:35:27_
--------
*84a7018410e84af84a669176186ae875*
`登陆天数: 22天 / 660天
等级: 130
石头: 4058
呼符: 82
体力: 19.58 / 138
友情点: 0 / 466140`
_2024-06-14 04:35:35_
--------
*7a1f24a244dcdf60f36534f419dbb908*
`登陆天数: 22天 / 660天
等级: 130
石头: 4067
呼符: 263
体力: 19.549999999999997 / 138
友情点: 0 / 463630`
_2024-06-14 04:35:43_
--------
*9840fe32dffd17a37d865eb561e48706*
`登陆天数: 22天 / 659天
等级: 130
石头: 4071
呼符: 313
体力: 19.516666666666666 / 138
友情点: 0 / 465215`
_2024-06-14 04:35:50_
--------
*fedd4b98bcabc582a26ebb7d9218839c*
`登陆天数: 22天 / 660天
等级: 130
石头: 4034
呼符: 246
体力: 19.486666666666665 / 138
友情点: 0 / 464210`
_2024-06-14 04:35:59_
--------
*e3473d7da1ea2849e657ff7b2f763372*
`登陆天数: 22天 / 659天
等级: 130
石头: 4020
呼符: 241
体力: 19.450000000000003 / 138
友情点: 0 / 466160`
_2024-06-14 04:36:07_
--------
*999dafd482871ce4d71758002f760eee*
`登陆天数: 22天 / 660天
等级: 130
石头: 4053
呼符: 289
体力: 19.41666666666667 / 138
友情点: 0 / 465590`
_2024-06-14 04:36:15_
--------
*a0045c34dc879882d839d73b274b4d58*
`登陆天数: 22天 / 659天
等级: 130
石头: 4060
呼符: 331
体力: 19.38666666666667 / 138
友情点: 0 / 466880`
_2024-06-14 04:36:23_
--------
*00299b672478a235f710d99394badc20*
`登陆天数: 22天 / 660天
等级: 130
石头: 4060
呼符: 323
体力: 19.35333333333334 / 138
友情点: 0 / 465650`
_2024-06-14 04:36:31_
--------
*ec94a9fec37509a6b90cf874d588a882*
`登陆天数: 22天 / 659天
等级: 130
石头: 4060
呼符: 286
体力: 19.323333333333338 / 138
友情点: 0 / 465540`
_2024-06-14 04:36:39_
--------
*da49e755867411850ee56a1c30da8b22*
`登陆天数: 22天 / 659天
等级: 130
石头: 4065
呼符: 176
体力: 19.293333333333337 / 138
友情点: 0 / 465855`
_2024-06-14 04:36:47_
--------
*cab2ad7f4db21a0bcfc36cf659bea263*
`登陆天数: 22天 / 660天
等级: 130
石头: 4053
呼符: 133
体力: 19.260000000000005 / 138
友情点: 0 / 467075`
_2024-06-14 04:36:55_
--------
*35b65258ae4a0736ac0a02c4848260d8*
`登陆天数: 22天 / 659天
等级: 130
石头: 4060
呼符: 34
体力: 19.226666666666674 / 138
友情点: 0 / 468255`
_2024-06-14 04:37:03_
--------
*c3537e542a8d4a88124fd7512d8b86cf*
`登陆天数: 22天 / 660天
等级: 130
石头: 4062
呼符: 313
体力: 19.196666666666673 / 138
友情点: 0 / 467400`
_2024-06-14 04:37:11_
--------
*1f7f506e36c47ff0f513f433fe827f5a*
`登陆天数: 22天 / 660天
等级: 130
石头: 4063
呼符: 35
体力: 19.163333333333327 / 138
友情点: 0 / 466670`
_2024-06-14 04:37:19_
--------
*f5dc7639ed1cbd7381ce526d77956686*
`登陆天数: 22天 / 659天
等级: 130
石头: 4054
呼符: 263
体力: 19.13333333333334 / 138
友情点: 0 / 465495`
_2024-06-14 04:37:27_
--------
*6ed6ae9faaeb1ae1e4330085c597c517*
`登陆天数: 22天 / 659天
等级: 130
石头: 4037
呼符: 325
体力: 19.099999999999994 / 138
友情点: 0 / 466365`
_2024-06-14 04:37:34_
--------
*526ff769cafe8799e697e452413308df*
`登陆天数: 22天 / 659天
等级: 130
石头: 4064
呼符: 34
体力: 19.066666666666663 / 138
友情点: 0 / 465870`
_2024-06-14 04:37:43_
--------
*6611f6468b92247d0811ffd6a0eb44ff*
`登陆天数: 22天 / 660天
等级: 130
石头: 4051
呼符: 315
体力: 19.03666666666666 / 138
友情点: 0 / 465950`
_2024-06-14 04:37:51_
--------
