【登录信息】
*dfb7792f119d396da3b4420695d700b9*
`登陆天数: 24天 / 662天
等级: 130
石头: 4009
呼符: 255
体力: 18772.273333333334 / 138
友情点: 0 / 466255`
_2024-06-16 04:30:07_
--------
*141277de0c6c75d6fef1d51db132b647*
`登陆天数: 24天 / 661天
等级: 130
石头: 4070
呼符: 333
体力: 30.066666666666663 / 138
友情点: 0 / 454010`
_2024-06-16 04:30:15_
--------
*dd1478490f0923e83e82e0d9462ab4c7*
`登陆天数: 24天 / 662天
等级: 130
石头: 4083
呼符: 272
体力: 30.03666666666666 / 138
友情点: 0 / 453205`
_2024-06-16 04:30:23_
--------
*98239d709de6e01096a38e62bdf79ef3*
`登陆天数: 24天 / 661天
等级: 130
石头: 4067
呼符: 319
体力: 30.010000000000005 / 138
友情点: 0 / 452310`
_2024-06-16 04:30:30_
--------
*299736d03529135480f59e914b132031*
`登陆天数: 24天 / 662天
等级: 130
石头: 4061
呼符: 219
体力: 29.980000000000004 / 138
友情点: 0 / 452025`
_2024-06-16 04:30:38_
--------
*e0a2dd39e92f0ccb2931797eaf9eaf5c*
`登陆天数: 24天 / 661天
等级: 130
石头: 4051
呼符: 165
体力: 29.950000000000003 / 138
友情点: 0 / 452695`
_2024-06-16 04:30:46_
--------
*e181726bfabda682901bc0334152dd06*
`登陆天数: 24天 / 661天
等级: 130
石头: 4060
呼符: 34
体力: 29.923333333333332 / 138
友情点: 0 / 451185`
_2024-06-16 04:30:54_
--------
*eece88bb653428e82db863d4157b0f33*
`登陆天数: 24天 / 661天
等级: 130
石头: 4056
呼符: 265
体力: 29.89333333333333 / 138
友情点: 0 / 453185`
_2024-06-16 04:31:02_
--------
*65ef8b242817d25fd2d076b520f89429*
`登陆天数: 24天 / 661天
等级: 130
石头: 4062
呼符: 214
体力: 29.86666666666666 / 138
友情点: 0 / 451660`
_2024-06-16 04:31:10_
--------
*e770773fb98a198b7c520831f126db7a*
`登陆天数: 24天 / 661天
等级: 130
石头: 4045
呼符: 281
体力: 29.83333333333333 / 138
友情点: 0 / 451615`
_2024-06-16 04:31:18_
--------
*e0a93af10759e7c22563d88477bade9d*
`登陆天数: 24天 / 661天
等级: 130
石头: 4051
呼符: 39
体力: 29.806666666666672 / 138
友情点: 0 / 452125`
_2024-06-16 04:31:26_
--------
*86acfdfc1ed9f2c822d31fcc0e0e0dec*
`登陆天数: 24天 / 661天
等级: 130
石头: 4051
呼符: 159
体力: 29.77666666666667 / 138
友情点: 0 / 452505`
_2024-06-16 04:31:34_
--------
*193f2b96f476b938283df65f88726f58*
`登陆天数: 24天 / 662天
等级: 130
石头: 4034
呼符: 285
体力: 29.74333333333334 / 138
友情点: 0 / 451845`
_2024-06-16 04:31:42_
--------
*6d7d3eef567106c05f7574752788cfe5*
`登陆天数: 24天 / 661天
等级: 130
石头: 4075
呼符: 153
体力: 29.71666666666667 / 138
友情点: 0 / 452460`
_2024-06-16 04:31:50_
--------
*bd0494f5f49d3b6dcf01172361625e7d*
`登陆天数: 24天 / 661天
等级: 130
石头: 4071
呼符: 276
体力: 29.689999999999998 / 138
友情点: 0 / 452355`
_2024-06-16 04:31:58_
--------
*fc0ad2d37387e5cea92ddfd45b0d7b37*
`登陆天数: 24天 / 661天
等级: 130
石头: 4102
呼符: 114
体力: 29.659999999999997 / 138
友情点: 0 / 453845`
_2024-06-16 04:32:06_
--------
*76511083dad51d1fba52bed528085f50*
`登陆天数: 24天 / 661天
等级: 130
石头: 4063
呼符: 293
体力: 29.629999999999995 / 138
友情点: 0 / 453650`
_2024-06-16 04:32:14_
--------
*d7ad9fd972b788dfed5336419afb514b*
`登陆天数: 24天 / 661天
等级: 130
石头: 4063
呼符: 176
体力: 29.60333333333334 / 138
友情点: 0 / 452425`
_2024-06-16 04:32:22_
--------
*746392085d94995c62fa0ac2b143151f*
`登陆天数: 24天 / 661天
等级: 130
石头: 4061
呼符: 275
体力: 29.573333333333338 / 138
友情点: 0 / 452110`
_2024-06-16 04:32:30_
--------
*e7552423672bfffeb458f5e501f465ef*
`登陆天数: 24天 / 662天
等级: 130
石头: 4056
呼符: 317
体力: 29.546666666666667 / 138
友情点: 0 / 452995`
_2024-06-16 04:32:38_
--------
*86e91afbc09c80f3838de04cc41b3dce*
`登陆天数: 24天 / 662天
等级: 130
石头: 4042
呼符: 327
体力: 29.516666666666666 / 138
友情点: 0 / 452120`
_2024-06-16 04:32:46_
--------
*dd6e1de4839a9c7ca8cba75faae4493d*
`登陆天数: 24天 / 661天
等级: 130
石头: 4066
呼符: 272
体力: 29.486666666666665 / 138
友情点: 0 / 452475`
_2024-06-16 04:32:54_
--------
*522239772739659557effc23809f94bd*
`登陆天数: 24天 / 661天
等级: 130
石头: 4025
呼符: 247
体力: 29.459999999999994 / 138
友情点: 0 / 452665`
_2024-06-16 04:33:02_
--------
*107eb42ca9d4f61704ca888465dd0962*
`登陆天数: 24天 / 662天
等级: 130
石头: 4065
呼符: 318
体力: 29.430000000000007 / 138
友情点: 0 / 452215`
_2024-06-16 04:33:10_
--------
*e974e403a7de40a4fd5ac94f24bb0834*
`登陆天数: 24天 / 661天
等级: 130
石头: 4069
呼符: 308
体力: 29.403333333333336 / 138
友情点: 0 / 452685`
_2024-06-16 04:33:18_
--------
*cc0c2d119e0c2d36d701542f0f1a4a03*
`登陆天数: 24天 / 661天
等级: 130
石头: 4060
呼符: 274
体力: 29.373333333333335 / 138
友情点: 0 / 454905`
_2024-06-16 04:33:26_
--------
*f2a6fe82cd506802dff6d7d591f71f2c*
`登陆天数: 24天 / 661天
等级: 130
石头: 4061
呼符: 240
体力: 29.343333333333334 / 138
友情点: 0 / 453395`
_2024-06-16 04:33:34_
--------
*c60ee5cfee36c33ea1e8207f5c9dce01*
`登陆天数: 24天 / 662天
等级: 130
石头: 4069
呼符: 77
体力: 29.316666666666663 / 138
友情点: 0 / 452580`
_2024-06-16 04:33:42_
--------
*ec472d80b620d9fbba63c7f35db87eaa*
`登陆天数: 24天 / 661天
等级: 130
石头: 4068
呼符: 143
体力: 29.28666666666666 / 138
友情点: 0 / 451560`
_2024-06-16 04:33:50_
--------
*c105c8e100822d96094fcf01c92da216*
`登陆天数: 24天 / 662天
等级: 130
石头: 4063
呼符: 131
体力: 29.25666666666666 / 138
友情点: 0 / 452610`
_2024-06-16 04:33:58_
--------
*abb07509768ead9fecc8c4f260955dd2*
`登陆天数: 24天 / 661天
等级: 130
石头: 4051
呼符: 122
体力: 29.230000000000004 / 138
友情点: 0 / 452425`
_2024-06-16 04:34:06_
--------
*447fe6afd55db903bf3e2470e0ba7078*
`登陆天数: 24天 / 662天
等级: 130
石头: 4060
呼符: 279
体力: 29.196666666666673 / 138
友情点: 0 / 452515`
_2024-06-16 04:34:14_
--------
*84a7018410e84af84a669176186ae875*
`登陆天数: 24天 / 662天
等级: 130
石头: 4059
呼符: 82
体力: 29.17 / 138
友情点: 0 / 454140`
_2024-06-16 04:34:22_
--------
*7a1f24a244dcdf60f36534f419dbb908*
`登陆天数: 24天 / 662天
等级: 130
石头: 4068
呼符: 263
体力: 29.14 / 138
友情点: 0 / 451630`
_2024-06-16 04:34:29_
--------
*9840fe32dffd17a37d865eb561e48706*
`登陆天数: 24天 / 661天
等级: 130
石头: 4072
呼符: 313
体力: 29.10666666666667 / 138
友情点: 0 / 453215`
_2024-06-16 04:34:37_
--------
*fedd4b98bcabc582a26ebb7d9218839c*
`登陆天数: 24天 / 662天
等级: 130
石头: 4035
呼符: 246
体力: 29.08 / 138
友情点: 0 / 452210`
_2024-06-16 04:34:45_
--------
*e3473d7da1ea2849e657ff7b2f763372*
`登陆天数: 24天 / 661天
等级: 130
石头: 4021
呼符: 241
体力: 29.049999999999997 / 138
友情点: 0 / 454160`
_2024-06-16 04:34:53_
--------
*999dafd482871ce4d71758002f760eee*
`登陆天数: 24天 / 662天
等级: 130
石头: 4054
呼符: 289
体力: 29.019999999999996 / 138
友情点: 0 / 453590`
_2024-06-16 04:35:00_
--------
*a0045c34dc879882d839d73b274b4d58*
`登陆天数: 24天 / 661天
等级: 130
石头: 4061
呼符: 331
体力: 28.986666666666665 / 138
友情点: 0 / 454880`
_2024-06-16 04:35:08_
--------
*00299b672478a235f710d99394badc20*
`登陆天数: 24天 / 662天
等级: 130
石头: 4061
呼符: 323
体力: 28.956666666666663 / 138
友情点: 0 / 453650`
_2024-06-16 04:35:16_
--------
*ec94a9fec37509a6b90cf874d588a882*
`登陆天数: 24天 / 661天
等级: 130
石头: 4061
呼符: 286
体力: 28.930000000000007 / 138
友情点: 0 / 453540`
_2024-06-16 04:35:24_
--------
*da49e755867411850ee56a1c30da8b22*
`登陆天数: 24天 / 661天
等级: 130
石头: 4066
呼符: 176
体力: 28.900000000000006 / 138
友情点: 0 / 453855`
_2024-06-16 04:35:32_
--------
*cab2ad7f4db21a0bcfc36cf659bea263*
`登陆天数: 24天 / 662天
等级: 130
石头: 4054
呼符: 133
体力: 28.873333333333335 / 138
友情点: 0 / 455075`
_2024-06-16 04:35:40_
--------
*35b65258ae4a0736ac0a02c4848260d8*
`登陆天数: 24天 / 661天
等级: 130
石头: 4061
呼符: 34
体力: 28.843333333333334 / 138
友情点: 0 / 456255`
_2024-06-16 04:35:47_
--------
*c3537e542a8d4a88124fd7512d8b86cf*
`登陆天数: 24天 / 662天
等级: 130
石头: 4063
呼符: 313
体力: 28.813333333333333 / 138
友情点: 0 / 455400`
_2024-06-16 04:35:55_
--------
*1f7f506e36c47ff0f513f433fe827f5a*
`登陆天数: 24天 / 662天
等级: 130
石头: 4064
呼符: 35
体力: 28.78666666666666 / 138
友情点: 0 / 454670`
_2024-06-16 04:36:03_
--------
*f5dc7639ed1cbd7381ce526d77956686*
`登陆天数: 24天 / 661天
等级: 130
石头: 4055
呼符: 263
体力: 28.760000000000005 / 138
友情点: 0 / 453495`
_2024-06-16 04:36:11_
--------
*6ed6ae9faaeb1ae1e4330085c597c517*
`登陆天数: 24天 / 661天
等级: 130
石头: 4038
呼符: 325
体力: 28.726666666666674 / 138
友情点: 0 / 454365`
_2024-06-16 04:36:19_
--------
*526ff769cafe8799e697e452413308df*
`登陆天数: 24天 / 661天
等级: 130
石头: 4065
呼符: 34
体力: 28.700000000000003 / 138
友情点: 0 / 453870`
_2024-06-16 04:36:27_
--------
*6611f6468b92247d0811ffd6a0eb44ff*
`登陆天数: 24天 / 662天
等级: 130
石头: 4052
呼符: 315
体力: 28.66666666666667 / 138
友情点: 0 / 453950`
_2024-06-16 04:36:35_
--------
