【登录信息】
*dfb7792f119d396da3b4420695d700b9*
`登陆天数: 26天 / 664天
等级: 130
石头: 4009
呼符: 255
体力: 19348.44 / 138
友情点: 0 / 466255`
_2024-06-18 04:30:57_
--------
*141277de0c6c75d6fef1d51db132b647*
`登陆天数: 26天 / 663天
等级: 130
石头: 4071
呼符: 333
体力: 29.773333333333326 / 138
友情点: 0 / 442010`
_2024-06-18 04:31:05_
--------
*dd1478490f0923e83e82e0d9462ab4c7*
`登陆天数: 26天 / 664天
等级: 130
石头: 4084
呼符: 272
体力: 29.739999999999995 / 138
友情点: 0 / 441205`
_2024-06-18 04:31:13_
--------
*98239d709de6e01096a38e62bdf79ef3*
`登陆天数: 26天 / 663天
等级: 130
石头: 4068
呼符: 319
体力: 29.706666666666663 / 138
友情点: 0 / 440310`
_2024-06-18 04:31:21_
--------
*299736d03529135480f59e914b132031*
`登陆天数: 26天 / 664天
等级: 130
石头: 4062
呼符: 219
体力: 29.673333333333332 / 138
友情点: 0 / 440025`
_2024-06-18 04:31:29_
--------
*e0a2dd39e92f0ccb2931797eaf9eaf5c*
`登陆天数: 26天 / 663天
等级: 130
石头: 4052
呼符: 165
体力: 29.64666666666666 / 138
友情点: 0 / 440695`
_2024-06-18 04:31:37_
--------
*e181726bfabda682901bc0334152dd06*
`登陆天数: 26天 / 663天
等级: 130
石头: 4061
呼符: 34
体力: 29.61333333333333 / 138
友情点: 0 / 439185`
_2024-06-18 04:31:45_
--------
*eece88bb653428e82db863d4157b0f33*
`登陆天数: 26天 / 663天
等级: 130
石头: 4057
呼符: 265
体力: 29.58333333333333 / 138
友情点: 0 / 441185`
_2024-06-18 04:31:53_
--------
*65ef8b242817d25fd2d076b520f89429*
`登陆天数: 26天 / 663天
等级: 130
石头: 4063
呼符: 214
体力: 29.553333333333327 / 138
友情点: 0 / 439660`
_2024-06-18 04:32:01_
--------
*e770773fb98a198b7c520831f126db7a*
`登陆天数: 26天 / 663天
等级: 130
石头: 4046
呼符: 281
体力: 29.519999999999996 / 138
友情点: 0 / 439615`
_2024-06-18 04:32:09_
--------
*e0a93af10759e7c22563d88477bade9d*
`登陆天数: 26天 / 663天
等级: 130
石头: 4052
呼符: 39
体力: 29.486666666666665 / 138
友情点: 0 / 440125`
_2024-06-18 04:32:17_
--------
*86acfdfc1ed9f2c822d31fcc0e0e0dec*
`登陆天数: 26天 / 663天
等级: 130
石头: 4052
呼符: 159
体力: 29.453333333333333 / 138
友情点: 0 / 440505`
_2024-06-18 04:32:25_
--------
*193f2b96f476b938283df65f88726f58*
`登陆天数: 26天 / 664天
等级: 130
石头: 4035
呼符: 285
体力: 29.423333333333332 / 138
友情点: 0 / 439845`
_2024-06-18 04:32:33_
--------
*6d7d3eef567106c05f7574752788cfe5*
`登陆天数: 26天 / 663天
等级: 130
石头: 4076
呼符: 153
体力: 29.39333333333333 / 138
友情点: 0 / 440460`
_2024-06-18 04:32:41_
--------
*bd0494f5f49d3b6dcf01172361625e7d*
`登陆天数: 26天 / 663天
等级: 130
石头: 4072
呼符: 276
体力: 29.36 / 138
友情点: 0 / 440355`
_2024-06-18 04:32:49_
--------
*fc0ad2d37387e5cea92ddfd45b0d7b37*
`登陆天数: 26天 / 663天
等级: 130
石头: 4103
呼符: 114
体力: 29.33 / 138
友情点: 0 / 441845`
_2024-06-18 04:32:58_
--------
*76511083dad51d1fba52bed528085f50*
`登陆天数: 26天 / 663天
等级: 130
石头: 4064
呼符: 293
体力: 29.299999999999997 / 138
友情点: 0 / 441650`
_2024-06-18 04:33:06_
--------
*d7ad9fd972b788dfed5336419afb514b*
`登陆天数: 26天 / 663天
等级: 130
石头: 4064
呼符: 176
体力: 29.269999999999996 / 138
友情点: 0 / 440425`
_2024-06-18 04:33:14_
--------
*746392085d94995c62fa0ac2b143151f*
`登陆天数: 26天 / 663天
等级: 130
石头: 4062
呼符: 275
体力: 29.239999999999995 / 138
友情点: 0 / 440110`
_2024-06-18 04:33:22_
--------
*e7552423672bfffeb458f5e501f465ef*
`登陆天数: 26天 / 664天
等级: 130
石头: 4057
呼符: 317
体力: 29.209999999999994 / 138
友情点: 0 / 440995`
_2024-06-18 04:33:30_
--------
*86e91afbc09c80f3838de04cc41b3dce*
`登陆天数: 26天 / 664天
等级: 130
石头: 4043
呼符: 327
体力: 29.176666666666662 / 138
友情点: 0 / 440120`
_2024-06-18 04:33:38_
--------
*dd6e1de4839a9c7ca8cba75faae4493d*
`登陆天数: 26天 / 663天
等级: 130
石头: 4067
呼符: 272
体力: 29.14666666666666 / 138
友情点: 0 / 440475`
_2024-06-18 04:33:46_
--------
*522239772739659557effc23809f94bd*
`登陆天数: 26天 / 663天
等级: 130
石头: 4026
呼符: 247
体力: 29.11666666666666 / 138
友情点: 0 / 440665`
_2024-06-18 04:33:54_
--------
*107eb42ca9d4f61704ca888465dd0962*
`登陆天数: 26天 / 664天
等级: 130
石头: 4066
呼符: 318
体力: 29.086666666666673 / 138
友情点: 0 / 440215`
_2024-06-18 04:34:02_
--------
*e974e403a7de40a4fd5ac94f24bb0834*
`登陆天数: 26天 / 663天
等级: 130
石头: 4070
呼符: 308
体力: 29.056666666666672 / 138
友情点: 0 / 440685`
_2024-06-18 04:34:10_
--------
*cc0c2d119e0c2d36d701542f0f1a4a03*
`登陆天数: 26天 / 663天
等级: 130
石头: 4061
呼符: 274
体力: 29.023333333333326 / 138
友情点: 0 / 442905`
_2024-06-18 04:34:18_
--------
*f2a6fe82cd506802dff6d7d591f71f2c*
`登陆天数: 26天 / 663天
等级: 130
石头: 4062
呼符: 240
体力: 28.989999999999995 / 138
友情点: 0 / 441395`
_2024-06-18 04:34:26_
--------
*c60ee5cfee36c33ea1e8207f5c9dce01*
`登陆天数: 26天 / 664天
等级: 130
石头: 4070
呼符: 77
体力: 28.959999999999994 / 138
友情点: 0 / 440580`
_2024-06-18 04:34:34_
--------
*ec472d80b620d9fbba63c7f35db87eaa*
`登陆天数: 26天 / 663天
等级: 130
石头: 4069
呼符: 143
体力: 28.930000000000007 / 138
友情点: 0 / 439560`
_2024-06-18 04:34:42_
--------
*c105c8e100822d96094fcf01c92da216*
`登陆天数: 26天 / 664天
等级: 130
石头: 4064
呼符: 131
体力: 28.900000000000006 / 138
友情点: 0 / 440610`
_2024-06-18 04:34:50_
--------
*abb07509768ead9fecc8c4f260955dd2*
`登陆天数: 26天 / 663天
等级: 130
石头: 4052
呼符: 122
体力: 28.873333333333335 / 138
友情点: 0 / 440425`
_2024-06-18 04:34:59_
--------
*447fe6afd55db903bf3e2470e0ba7078*
`登陆天数: 26天 / 664天
等级: 130
石头: 4061
呼符: 279
体力: 28.843333333333334 / 138
友情点: 0 / 440515`
_2024-06-18 04:35:07_
--------
*84a7018410e84af84a669176186ae875*
`登陆天数: 26天 / 664天
等级: 130
石头: 4060
呼符: 82
体力: 28.810000000000002 / 138
友情点: 0 / 442140`
_2024-06-18 04:35:15_
--------
*7a1f24a244dcdf60f36534f419dbb908*
`登陆天数: 26天 / 664天
等级: 130
石头: 4069
呼符: 263
体力: 28.78 / 138
友情点: 0 / 439630`
_2024-06-18 04:35:23_
--------
*9840fe32dffd17a37d865eb561e48706*
`登陆天数: 26天 / 663天
等级: 130
石头: 4073
呼符: 313
体力: 28.75333333333333 / 138
友情点: 0 / 441215`
_2024-06-18 04:35:31_
--------
*fedd4b98bcabc582a26ebb7d9218839c*
`登陆天数: 26天 / 664天
等级: 130
石头: 4036
呼符: 246
体力: 28.72333333333333 / 138
友情点: 0 / 440210`
_2024-06-18 04:35:39_
--------
*e3473d7da1ea2849e657ff7b2f763372*
`登陆天数: 26天 / 663天
等级: 130
石头: 4022
呼符: 241
体力: 28.693333333333328 / 138
友情点: 0 / 442160`
_2024-06-18 04:35:47_
--------
*999dafd482871ce4d71758002f760eee*
`登陆天数: 26天 / 664天
等级: 130
石头: 4055
呼符: 289
体力: 28.663333333333327 / 138
友情点: 0 / 441590`
_2024-06-18 04:35:55_
--------
*a0045c34dc879882d839d73b274b4d58*
`登陆天数: 26天 / 663天
等级: 130
石头: 4062
呼符: 331
体力: 28.63333333333334 / 138
友情点: 0 / 442880`
_2024-06-18 04:36:03_
--------
*00299b672478a235f710d99394badc20*
`登陆天数: 26天 / 664天
等级: 130
石头: 4062
呼符: 323
体力: 28.60666666666667 / 138
友情点: 0 / 441650`
_2024-06-18 04:36:12_
--------
*ec94a9fec37509a6b90cf874d588a882*
`登陆天数: 26天 / 663天
等级: 130
石头: 4062
呼符: 286
体力: 28.576666666666668 / 138
友情点: 0 / 441540`
_2024-06-18 04:36:20_
--------
*da49e755867411850ee56a1c30da8b22*
`登陆天数: 26天 / 663天
等级: 130
石头: 4067
呼符: 176
体力: 28.546666666666667 / 138
友情点: 0 / 441855`
_2024-06-18 04:36:28_
--------
*cab2ad7f4db21a0bcfc36cf659bea263*
`登陆天数: 26天 / 664天
等级: 130
石头: 4055
呼符: 133
体力: 28.516666666666666 / 138
友情点: 0 / 443075`
_2024-06-18 04:36:35_
--------
*35b65258ae4a0736ac0a02c4848260d8*
`登陆天数: 26天 / 663天
等级: 130
石头: 4062
呼符: 34
体力: 28.486666666666665 / 138
友情点: 0 / 444255`
_2024-06-18 04:36:43_
--------
*c3537e542a8d4a88124fd7512d8b86cf*
`登陆天数: 26天 / 664天
等级: 130
石头: 4064
呼符: 313
体力: 28.456666666666663 / 138
友情点: 0 / 443400`
_2024-06-18 04:36:51_
--------
*1f7f506e36c47ff0f513f433fe827f5a*
`登陆天数: 26天 / 664天
等级: 130
石头: 4065
呼符: 35
体力: 28.426666666666662 / 138
友情点: 0 / 442670`
_2024-06-18 04:37:00_
--------
*f5dc7639ed1cbd7381ce526d77956686*
`登陆天数: 26天 / 663天
等级: 130
石头: 4056
呼符: 263
体力: 28.39333333333333 / 138
友情点: 0 / 441495`
_2024-06-18 04:37:08_
--------
*6ed6ae9faaeb1ae1e4330085c597c517*
`登陆天数: 26天 / 663天
等级: 130
石头: 4039
呼符: 325
体力: 28.36666666666666 / 138
友情点: 0 / 442365`
_2024-06-18 04:37:16_
--------
*526ff769cafe8799e697e452413308df*
`登陆天数: 26天 / 663天
等级: 130
石头: 4066
呼符: 34
体力: 28.340000000000003 / 138
友情点: 0 / 441870`
_2024-06-18 04:37:24_
--------
*6611f6468b92247d0811ffd6a0eb44ff*
`登陆天数: 26天 / 664天
等级: 130
石头: 4053
呼符: 315
体力: 28.306666666666672 / 138
友情点: 0 / 441950`
_2024-06-18 04:37:32_
--------
