【登录信息】
*dfb7792f119d396da3b4420695d700b9*
`登陆天数: 29天 / 667天
等级: 130
石头: 4009
呼符: 255
体力: 20212.523333333334 / 138
友情点: 0 / 466255`
_2024-06-21 04:31:21_
--------
*141277de0c6c75d6fef1d51db132b647*
`登陆天数: 29天 / 666天
等级: 130
石头: 4079
呼符: 334
体力: 29.909999999999997 / 138
友情点: 0 / 426010`
_2024-06-21 04:31:29_
--------
*dd1478490f0923e83e82e0d9462ab4c7*
`登陆天数: 29天 / 667天
等级: 130
石头: 4092
呼符: 273
体力: 29.88333333333334 / 138
友情点: 0 / 425205`
_2024-06-21 04:31:37_
--------
*98239d709de6e01096a38e62bdf79ef3*
`登陆天数: 29天 / 666天
等级: 130
石头: 4076
呼符: 320
体力: 29.85666666666667 / 138
友情点: 0 / 424310`
_2024-06-21 04:31:45_
--------
*299736d03529135480f59e914b132031*
`登陆天数: 29天 / 667天
等级: 130
石头: 4070
呼符: 220
体力: 29.826666666666668 / 138
友情点: 0 / 424025`
_2024-06-21 04:31:52_
--------
*e0a2dd39e92f0ccb2931797eaf9eaf5c*
`登陆天数: 29天 / 666天
等级: 130
石头: 4060
呼符: 166
体力: 29.799999999999997 / 138
友情点: 0 / 424695`
_2024-06-21 04:32:00_
--------
*e181726bfabda682901bc0334152dd06*
`登陆天数: 29天 / 666天
等级: 130
石头: 4069
呼符: 35
体力: 29.769999999999996 / 138
友情点: 0 / 423185`
_2024-06-21 04:32:08_
--------
*eece88bb653428e82db863d4157b0f33*
`登陆天数: 29天 / 666天
等级: 130
石头: 4065
呼符: 266
体力: 29.74333333333334 / 138
友情点: 0 / 425185`
_2024-06-21 04:32:16_
--------
*65ef8b242817d25fd2d076b520f89429*
`登陆天数: 29天 / 666天
等级: 130
石头: 4071
呼符: 215
体力: 29.71333333333334 / 138
友情点: 0 / 423660`
_2024-06-21 04:32:24_
--------
*e770773fb98a198b7c520831f126db7a*
`登陆天数: 29天 / 666天
等级: 130
石头: 4054
呼符: 282
体力: 29.686666666666667 / 138
友情点: 0 / 423615`
_2024-06-21 04:32:32_
--------
*e0a93af10759e7c22563d88477bade9d*
`登陆天数: 29天 / 666天
等级: 130
石头: 4060
呼符: 40
体力: 29.656666666666666 / 138
友情点: 0 / 424125`
_2024-06-21 04:32:39_
--------
*86acfdfc1ed9f2c822d31fcc0e0e0dec*
`登陆天数: 29天 / 666天
等级: 130
石头: 4060
呼符: 160
体力: 29.629999999999995 / 138
友情点: 0 / 424505`
_2024-06-21 04:32:48_
--------
*193f2b96f476b938283df65f88726f58*
`登陆天数: 29天 / 667天
等级: 130
石头: 4043
呼符: 286
体力: 29.60333333333334 / 138
友情点: 0 / 423845`
_2024-06-21 04:32:55_
--------
*6d7d3eef567106c05f7574752788cfe5*
`登陆天数: 29天 / 666天
等级: 130
石头: 4084
呼符: 154
体力: 29.573333333333338 / 138
友情点: 0 / 424460`
_2024-06-21 04:33:03_
--------
*bd0494f5f49d3b6dcf01172361625e7d*
`登陆天数: 29天 / 666天
等级: 130
石头: 4080
呼符: 277
体力: 29.543333333333337 / 138
友情点: 0 / 424355`
_2024-06-21 04:33:11_
--------
*fc0ad2d37387e5cea92ddfd45b0d7b37*
`登陆天数: 29天 / 666天
等级: 130
石头: 4111
呼符: 115
体力: 29.516666666666666 / 138
友情点: 0 / 425845`
_2024-06-21 04:33:19_
--------
*76511083dad51d1fba52bed528085f50*
`登陆天数: 29天 / 666天
等级: 130
石头: 4072
呼符: 294
体力: 29.486666666666665 / 138
友情点: 0 / 425650`
_2024-06-21 04:33:27_
--------
*d7ad9fd972b788dfed5336419afb514b*
`登陆天数: 29天 / 666天
等级: 130
石头: 4072
呼符: 177
体力: 29.459999999999994 / 138
友情点: 0 / 424425`
_2024-06-21 04:33:35_
--------
*746392085d94995c62fa0ac2b143151f*
`登陆天数: 29天 / 666天
等级: 130
石头: 4070
呼符: 276
体力: 29.430000000000007 / 138
友情点: 0 / 424110`
_2024-06-21 04:33:43_
--------
*e7552423672bfffeb458f5e501f465ef*
`登陆天数: 29天 / 667天
等级: 130
石头: 4065
呼符: 318
体力: 29.403333333333336 / 138
友情点: 0 / 424995`
_2024-06-21 04:33:51_
--------
*86e91afbc09c80f3838de04cc41b3dce*
`登陆天数: 29天 / 667天
等级: 130
石头: 4051
呼符: 328
体力: 29.373333333333335 / 138
友情点: 0 / 424120`
_2024-06-21 04:33:59_
--------
*dd6e1de4839a9c7ca8cba75faae4493d*
`登陆天数: 29天 / 666天
等级: 130
石头: 4075
呼符: 273
体力: 29.343333333333334 / 138
友情点: 0 / 424475`
_2024-06-21 04:34:07_
--------
*522239772739659557effc23809f94bd*
`登陆天数: 29天 / 666天
等级: 130
石头: 4034
呼符: 248
体力: 29.316666666666663 / 138
友情点: 0 / 424665`
_2024-06-21 04:34:15_
--------
*107eb42ca9d4f61704ca888465dd0962*
`登陆天数: 29天 / 667天
等级: 130
石头: 4074
呼符: 319
体力: 29.28666666666666 / 138
友情点: 0 / 424215`
_2024-06-21 04:34:23_
--------
*e974e403a7de40a4fd5ac94f24bb0834*
`登陆天数: 29天 / 666天
等级: 130
石头: 4078
呼符: 309
体力: 29.25666666666666 / 138
友情点: 0 / 424685`
_2024-06-21 04:34:31_
--------
*cc0c2d119e0c2d36d701542f0f1a4a03*
`登陆天数: 29天 / 666天
等级: 130
石头: 4069
呼符: 275
体力: 29.230000000000004 / 138
友情点: 0 / 426905`
_2024-06-21 04:34:39_
--------
*f2a6fe82cd506802dff6d7d591f71f2c*
`登陆天数: 29天 / 666天
等级: 130
石头: 4070
呼符: 241
体力: 29.203333333333333 / 138
友情点: 0 / 425395`
_2024-06-21 04:34:48_
--------
*c60ee5cfee36c33ea1e8207f5c9dce01*
`登陆天数: 29天 / 667天
等级: 130
石头: 4078
呼符: 78
体力: 29.176666666666662 / 138
友情点: 0 / 424580`
_2024-06-21 04:34:56_
--------
*ec472d80b620d9fbba63c7f35db87eaa*
`登陆天数: 29天 / 666天
等级: 130
石头: 4077
呼符: 144
体力: 29.14666666666666 / 138
友情点: 0 / 423560`
_2024-06-21 04:35:04_
--------
*c105c8e100822d96094fcf01c92da216*
`登陆天数: 29天 / 667天
等级: 130
石头: 4072
呼符: 132
体力: 29.11666666666666 / 138
友情点: 0 / 424610`
_2024-06-21 04:35:12_
--------
*abb07509768ead9fecc8c4f260955dd2*
`登陆天数: 29天 / 666天
等级: 130
石头: 4060
呼符: 123
体力: 29.090000000000003 / 138
友情点: 0 / 424425`
_2024-06-21 04:35:20_
--------
*447fe6afd55db903bf3e2470e0ba7078*
`登陆天数: 29天 / 667天
等级: 130
石头: 4069
呼符: 280
体力: 29.060000000000002 / 138
友情点: 0 / 424515`
_2024-06-21 04:35:28_
--------
*84a7018410e84af84a669176186ae875*
`登陆天数: 29天 / 667天
等级: 130
石头: 4068
呼符: 83
体力: 29.03333333333333 / 138
友情点: 0 / 426140`
_2024-06-21 04:35:37_
--------
*7a1f24a244dcdf60f36534f419dbb908*
`登陆天数: 29天 / 667天
等级: 130
石头: 4077
呼符: 264
体力: 29.00333333333333 / 138
友情点: 0 / 423630`
_2024-06-21 04:35:45_
--------
*9840fe32dffd17a37d865eb561e48706*
`登陆天数: 29天 / 666天
等级: 130
石头: 4081
呼符: 314
体力: 28.976666666666674 / 138
友情点: 0 / 425215`
_2024-06-21 04:35:53_
--------
*fedd4b98bcabc582a26ebb7d9218839c*
`登陆天数: 29天 / 667天
等级: 130
石头: 4044
呼符: 247
体力: 28.950000000000003 / 138
友情点: 0 / 424210`
_2024-06-21 04:36:01_
--------
*e3473d7da1ea2849e657ff7b2f763372*
`登陆天数: 29天 / 666天
等级: 130
石头: 4030
呼符: 242
体力: 28.92 / 138
友情点: 0 / 426160`
_2024-06-21 04:36:09_
--------
*999dafd482871ce4d71758002f760eee*
`登陆天数: 29天 / 667天
等级: 130
石头: 4063
呼符: 290
体力: 28.89 / 138
友情点: 0 / 425590`
_2024-06-21 04:36:16_
--------
*a0045c34dc879882d839d73b274b4d58*
`登陆天数: 29天 / 666天
等级: 130
石头: 4070
呼符: 332
体力: 28.86 / 138
友情点: 0 / 426880`
_2024-06-21 04:36:24_
--------
*00299b672478a235f710d99394badc20*
`登陆天数: 29天 / 667天
等级: 130
石头: 4070
呼符: 324
体力: 28.83333333333333 / 138
友情点: 0 / 425650`
_2024-06-21 04:36:32_
--------
*ec94a9fec37509a6b90cf874d588a882*
`登陆天数: 29天 / 666天
等级: 130
石头: 4070
呼符: 287
体力: 28.806666666666672 / 138
友情点: 0 / 425540`
_2024-06-21 04:36:40_
--------
*da49e755867411850ee56a1c30da8b22*
`登陆天数: 29天 / 666天
等级: 130
石头: 4075
呼符: 177
体力: 28.773333333333326 / 138
友情点: 0 / 425855`
_2024-06-21 04:36:48_
--------
*cab2ad7f4db21a0bcfc36cf659bea263*
`登陆天数: 29天 / 667天
等级: 130
石头: 4063
呼符: 134
体力: 28.74666666666667 / 138
友情点: 0 / 427075`
_2024-06-21 04:36:56_
--------
*35b65258ae4a0736ac0a02c4848260d8*
`登陆天数: 29天 / 666天
等级: 130
石头: 4070
呼符: 35
体力: 28.72 / 138
友情点: 0 / 428255`
_2024-06-21 04:37:04_
--------
*c3537e542a8d4a88124fd7512d8b86cf*
`登陆天数: 29天 / 667天
等级: 130
石头: 4072
呼符: 314
体力: 28.689999999999998 / 138
友情点: 0 / 427400`
_2024-06-21 04:37:12_
--------
*1f7f506e36c47ff0f513f433fe827f5a*
`登陆天数: 29天 / 667天
等级: 130
石头: 4073
呼符: 36
体力: 28.659999999999997 / 138
友情点: 0 / 426670`
_2024-06-21 04:37:20_
--------
*f5dc7639ed1cbd7381ce526d77956686*
`登陆天数: 29天 / 666天
等级: 130
石头: 4064
呼符: 264
体力: 28.63333333333334 / 138
友情点: 0 / 425495`
_2024-06-21 04:37:27_
--------
*6ed6ae9faaeb1ae1e4330085c597c517*
`登陆天数: 29天 / 666天
等级: 130
石头: 4047
呼符: 326
体力: 28.60666666666667 / 138
友情点: 0 / 426365`
_2024-06-21 04:37:35_
--------
*526ff769cafe8799e697e452413308df*
`登陆天数: 29天 / 666天
等级: 130
石头: 4074
呼符: 35
体力: 28.576666666666668 / 138
友情点: 0 / 425870`
_2024-06-21 04:37:44_
--------
*6611f6468b92247d0811ffd6a0eb44ff*
`登陆天数: 29天 / 667天
等级: 130
石头: 4061
呼符: 316
体力: 28.546666666666667 / 138
友情点: 0 / 425950`
_2024-06-21 04:37:52_
--------
