【登录信息】
*dfb7792f119d396da3b4420695d700b9*
`登陆天数: 30天 / 668天
等级: 130
石头: 4009
呼符: 255
体力: 20500.203333333335 / 138
友情点: 0 / 466255`
_2024-06-22 04:29:45_
--------
*141277de0c6c75d6fef1d51db132b647*
`登陆天数: 30天 / 667天
等级: 130
石头: 4080
呼符: 335
体力: 29.556666666666672 / 138
友情点: 0 / 420010`
_2024-06-22 04:29:53_
--------
*dd1478490f0923e83e82e0d9462ab4c7*
`登陆天数: 30天 / 668天
等级: 130
石头: 4093
呼符: 274
体力: 29.53 / 138
友情点: 0 / 419205`
_2024-06-22 04:30:01_
--------
*98239d709de6e01096a38e62bdf79ef3*
`登陆天数: 30天 / 667天
等级: 130
石头: 4077
呼符: 321
体力: 29.50333333333333 / 138
友情点: 0 / 418310`
_2024-06-22 04:30:08_
--------
*299736d03529135480f59e914b132031*
`登陆天数: 30天 / 668天
等级: 130
石头: 4071
呼符: 221
体力: 29.47333333333333 / 138
友情点: 0 / 418025`
_2024-06-22 04:30:16_
--------
*e0a2dd39e92f0ccb2931797eaf9eaf5c*
`登陆天数: 30天 / 667天
等级: 130
石头: 4061
呼符: 167
体力: 29.446666666666673 / 138
友情点: 0 / 418695`
_2024-06-22 04:30:23_
--------
*e181726bfabda682901bc0334152dd06*
`登陆天数: 30天 / 667天
等级: 130
石头: 4070
呼符: 36
体力: 29.42 / 138
友情点: 0 / 417185`
_2024-06-22 04:30:31_
--------
*eece88bb653428e82db863d4157b0f33*
`登陆天数: 30天 / 667天
等级: 130
石头: 4066
呼符: 267
体力: 29.39333333333333 / 138
友情点: 0 / 419185`
_2024-06-22 04:30:39_
--------
*65ef8b242817d25fd2d076b520f89429*
`登陆天数: 30天 / 667天
等级: 130
石头: 4072
呼符: 216
体力: 29.36666666666666 / 138
友情点: 0 / 417660`
_2024-06-22 04:30:47_
--------
*e770773fb98a198b7c520831f126db7a*
`登陆天数: 30天 / 667天
等级: 130
石头: 4055
呼符: 283
体力: 29.33333333333333 / 138
友情点: 0 / 417615`
_2024-06-22 04:30:55_
--------
*e0a93af10759e7c22563d88477bade9d*
`登陆天数: 30天 / 667天
等级: 130
石头: 4061
呼符: 41
体力: 29.306666666666672 / 138
友情点: 0 / 418125`
_2024-06-22 04:31:03_
--------
*86acfdfc1ed9f2c822d31fcc0e0e0dec*
`登陆天数: 30天 / 667天
等级: 130
石头: 4061
呼符: 161
体力: 29.28 / 138
友情点: 0 / 418505`
_2024-06-22 04:31:10_
--------
*193f2b96f476b938283df65f88726f58*
`登陆天数: 30天 / 668天
等级: 130
石头: 4044
呼符: 287
体力: 29.25333333333333 / 138
友情点: 0 / 417845`
_2024-06-22 04:31:18_
--------
*6d7d3eef567106c05f7574752788cfe5*
`登陆天数: 30天 / 667天
等级: 130
石头: 4085
呼符: 155
体力: 29.22333333333333 / 138
友情点: 0 / 418460`
_2024-06-22 04:31:26_
--------
*bd0494f5f49d3b6dcf01172361625e7d*
`登陆天数: 30天 / 667天
等级: 130
石头: 4081
呼符: 278
体力: 29.196666666666673 / 138
友情点: 0 / 418355`
_2024-06-22 04:31:34_
--------
*fc0ad2d37387e5cea92ddfd45b0d7b37*
`登陆天数: 30天 / 667天
等级: 130
石头: 4112
呼符: 116
体力: 29.17 / 138
友情点: 0 / 419845`
_2024-06-22 04:31:41_
--------
*76511083dad51d1fba52bed528085f50*
`登陆天数: 30天 / 667天
等级: 130
石头: 4073
呼符: 295
体力: 29.14333333333333 / 138
友情点: 0 / 419650`
_2024-06-22 04:31:49_
--------
*d7ad9fd972b788dfed5336419afb514b*
`登陆天数: 30天 / 667天
等级: 130
石头: 4073
呼符: 178
体力: 29.11666666666666 / 138
友情点: 0 / 418425`
_2024-06-22 04:31:57_
--------
*746392085d94995c62fa0ac2b143151f*
`登陆天数: 30天 / 667天
等级: 130
石头: 4071
呼符: 277
体力: 29.090000000000003 / 138
友情点: 0 / 418110`
_2024-06-22 04:32:06_
--------
*e7552423672bfffeb458f5e501f465ef*
`登陆天数: 30天 / 668天
等级: 130
石头: 4066
呼符: 319
体力: 29.063333333333333 / 138
友情点: 0 / 418995`
_2024-06-22 04:32:13_
--------
*86e91afbc09c80f3838de04cc41b3dce*
`登陆天数: 30天 / 668天
等级: 130
石头: 4052
呼符: 329
体力: 29.03666666666666 / 138
友情点: 0 / 418120`
_2024-06-22 04:32:21_
--------
*dd6e1de4839a9c7ca8cba75faae4493d*
`登陆天数: 30天 / 667天
等级: 130
石头: 4076
呼符: 274
体力: 29.00666666666666 / 138
友情点: 0 / 418475`
_2024-06-22 04:32:29_
--------
*522239772739659557effc23809f94bd*
`登陆天数: 30天 / 667天
等级: 130
石头: 4035
呼符: 249
体力: 28.983333333333334 / 138
友情点: 0 / 418665`
_2024-06-22 04:32:37_
--------
*107eb42ca9d4f61704ca888465dd0962*
`登陆天数: 30天 / 668天
等级: 130
石头: 4075
呼符: 320
体力: 28.956666666666663 / 138
友情点: 0 / 418215`
_2024-06-22 04:32:45_
--------
*e974e403a7de40a4fd5ac94f24bb0834*
`登陆天数: 30天 / 667天
等级: 130
石头: 4079
呼符: 310
体力: 28.930000000000007 / 138
友情点: 0 / 418685`
_2024-06-22 04:32:53_
--------
*cc0c2d119e0c2d36d701542f0f1a4a03*
`登陆天数: 30天 / 667天
等级: 130
石头: 4070
呼符: 276
体力: 28.903333333333336 / 138
友情点: 0 / 420905`
_2024-06-22 04:33:01_
--------
*f2a6fe82cd506802dff6d7d591f71f2c*
`登陆天数: 30天 / 667天
等级: 130
石头: 4071
呼符: 242
体力: 28.876666666666665 / 138
友情点: 0 / 419395`
_2024-06-22 04:33:09_
--------
*c60ee5cfee36c33ea1e8207f5c9dce01*
`登陆天数: 30天 / 668天
等级: 130
石头: 4079
呼符: 79
体力: 28.849999999999994 / 138
友情点: 0 / 418580`
_2024-06-22 04:33:17_
--------
*ec472d80b620d9fbba63c7f35db87eaa*
`登陆天数: 30天 / 667天
等级: 130
石头: 4078
呼符: 145
体力: 28.823333333333338 / 138
友情点: 0 / 417560`
_2024-06-22 04:33:26_
--------
*c105c8e100822d96094fcf01c92da216*
`登陆天数: 30天 / 668天
等级: 130
石头: 4073
呼符: 133
体力: 28.799999999999997 / 138
友情点: 0 / 418610`
_2024-06-22 04:33:34_
--------
*abb07509768ead9fecc8c4f260955dd2*
`登陆天数: 30天 / 667天
等级: 130
石头: 4061
呼符: 124
体力: 28.773333333333326 / 138
友情点: 0 / 418425`
_2024-06-22 04:33:42_
--------
*447fe6afd55db903bf3e2470e0ba7078*
`登陆天数: 30天 / 668天
等级: 130
石头: 4070
呼符: 281
体力: 28.75 / 138
友情点: 0 / 418515`
_2024-06-22 04:33:50_
--------
*84a7018410e84af84a669176186ae875*
`登陆天数: 30天 / 668天
等级: 130
石头: 4069
呼符: 84
体力: 28.72333333333333 / 138
友情点: 0 / 420140`
_2024-06-22 04:33:58_
--------
*7a1f24a244dcdf60f36534f419dbb908*
`登陆天数: 30天 / 668天
等级: 130
石头: 4078
呼符: 265
体力: 28.693333333333328 / 138
友情点: 0 / 417630`
_2024-06-22 04:34:06_
--------
*9840fe32dffd17a37d865eb561e48706*
`登陆天数: 30天 / 667天
等级: 130
石头: 4082
呼符: 315
体力: 28.66666666666667 / 138
友情点: 0 / 419215`
_2024-06-22 04:34:13_
--------
*fedd4b98bcabc582a26ebb7d9218839c*
`登陆天数: 30天 / 668天
等级: 130
石头: 4045
呼符: 248
体力: 28.64 / 138
友情点: 0 / 418210`
_2024-06-22 04:34:21_
--------
*e3473d7da1ea2849e657ff7b2f763372*
`登陆天数: 30天 / 667天
等级: 130
石头: 4031
呼符: 243
体力: 28.61 / 138
友情点: 0 / 420160`
_2024-06-22 04:34:29_
--------
*999dafd482871ce4d71758002f760eee*
`登陆天数: 30天 / 668天
等级: 130
石头: 4064
呼符: 291
体力: 28.58333333333333 / 138
友情点: 0 / 419590`
_2024-06-22 04:34:36_
--------
*a0045c34dc879882d839d73b274b4d58*
`登陆天数: 30天 / 667天
等级: 130
石头: 4071
呼符: 333
体力: 28.556666666666672 / 138
友情点: 0 / 420880`
_2024-06-22 04:34:44_
--------
*00299b672478a235f710d99394badc20*
`登陆天数: 30天 / 668天
等级: 130
石头: 4071
呼符: 325
体力: 28.52666666666667 / 138
友情点: 0 / 419650`
_2024-06-22 04:34:52_
--------
*ec94a9fec37509a6b90cf874d588a882*
`登陆天数: 30天 / 667天
等级: 130
石头: 4071
呼符: 288
体力: 28.50666666666666 / 138
友情点: 0 / 419540`
_2024-06-22 04:35:00_
--------
*da49e755867411850ee56a1c30da8b22*
`登陆天数: 30天 / 667天
等级: 130
石头: 4076
呼符: 178
体力: 28.476666666666674 / 138
友情点: 0 / 419855`
_2024-06-22 04:35:08_
--------
*cab2ad7f4db21a0bcfc36cf659bea263*
`登陆天数: 30天 / 668天
等级: 130
石头: 4064
呼符: 135
体力: 28.450000000000003 / 138
友情点: 0 / 421075`
_2024-06-22 04:35:16_
--------
*35b65258ae4a0736ac0a02c4848260d8*
`登陆天数: 30天 / 667天
等级: 130
石头: 4071
呼符: 36
体力: 28.423333333333332 / 138
友情点: 0 / 422255`
_2024-06-22 04:35:24_
--------
*c3537e542a8d4a88124fd7512d8b86cf*
`登陆天数: 30天 / 668天
等级: 130
石头: 4073
呼符: 315
体力: 28.39666666666666 / 138
友情点: 0 / 421400`
_2024-06-22 04:35:33_
--------
*1f7f506e36c47ff0f513f433fe827f5a*
`登陆天数: 30天 / 668天
等级: 130
石头: 4074
呼符: 37
体力: 28.373333333333335 / 138
友情点: 0 / 420670`
_2024-06-22 04:35:41_
--------
*f5dc7639ed1cbd7381ce526d77956686*
`登陆天数: 30天 / 667天
等级: 130
石头: 4065
呼符: 265
体力: 28.346666666666664 / 138
友情点: 0 / 419495`
_2024-06-22 04:35:49_
--------
*6ed6ae9faaeb1ae1e4330085c597c517*
`登陆天数: 30天 / 667天
等级: 130
石头: 4048
呼符: 327
体力: 28.319999999999993 / 138
友情点: 0 / 420365`
_2024-06-22 04:35:57_
--------
*526ff769cafe8799e697e452413308df*
`登陆天数: 30天 / 667天
等级: 130
石头: 4075
呼符: 36
体力: 28.299999999999997 / 138
友情点: 0 / 419870`
_2024-06-22 04:36:06_
--------
*6611f6468b92247d0811ffd6a0eb44ff*
`登陆天数: 30天 / 668天
等级: 130
石头: 4062
呼符: 317
体力: 28.273333333333326 / 138
友情点: 0 / 419950`
_2024-06-22 04:36:14_
--------
