【登录信息】
*dfb7792f119d396da3b4420695d700b9*
`登陆天数: 31天 / 669天
等级: 130
石头: 4009
呼符: 255
体力: 20788.333333333332 / 138
友情点: 0 / 466255`
_2024-06-23 04:30:25_
--------
*141277de0c6c75d6fef1d51db132b647*
`登陆天数: 31天 / 668天
等级: 130
石头: 4081
呼符: 335
体力: 30.33333333333333 / 138
友情点: 0 / 414010`
_2024-06-23 04:30:33_
--------
*dd1478490f0923e83e82e0d9462ab4c7*
`登陆天数: 31天 / 669天
等级: 130
石头: 4094
呼符: 274
体力: 30.303333333333327 / 138
友情点: 0 / 413205`
_2024-06-23 04:30:40_
--------
*98239d709de6e01096a38e62bdf79ef3*
`登陆天数: 31天 / 668天
等级: 130
石头: 4078
呼符: 321
体力: 30.273333333333326 / 138
友情点: 0 / 412310`
_2024-06-23 04:30:48_
--------
*299736d03529135480f59e914b132031*
`登陆天数: 31天 / 669天
等级: 130
石头: 4072
呼符: 221
体力: 30.24333333333334 / 138
友情点: 0 / 412025`
_2024-06-23 04:30:56_
--------
*e0a2dd39e92f0ccb2931797eaf9eaf5c*
`登陆天数: 31天 / 668天
等级: 130
石头: 4062
呼符: 167
体力: 30.21333333333334 / 138
友情点: 0 / 412695`
_2024-06-23 04:31:03_
--------
*e181726bfabda682901bc0334152dd06*
`登陆天数: 31天 / 668天
等级: 130
石头: 4071
呼符: 36
体力: 30.176666666666662 / 138
友情点: 0 / 411185`
_2024-06-23 04:31:11_
--------
*eece88bb653428e82db863d4157b0f33*
`登陆天数: 31天 / 668天
等级: 130
石头: 4067
呼符: 267
体力: 30.150000000000006 / 138
友情点: 0 / 413185`
_2024-06-23 04:31:19_
--------
*65ef8b242817d25fd2d076b520f89429*
`登陆天数: 31天 / 668天
等级: 130
石头: 4073
呼符: 216
体力: 30.120000000000005 / 138
友情点: 0 / 411660`
_2024-06-23 04:31:26_
--------
*e770773fb98a198b7c520831f126db7a*
`登陆天数: 31天 / 668天
等级: 130
石头: 4056
呼符: 283
体力: 30.090000000000003 / 138
友情点: 0 / 411615`
_2024-06-23 04:31:34_
--------
*e0a93af10759e7c22563d88477bade9d*
`登陆天数: 31天 / 668天
等级: 130
石头: 4062
呼符: 41
体力: 30.060000000000002 / 138
友情点: 0 / 412125`
_2024-06-23 04:31:42_
--------
*86acfdfc1ed9f2c822d31fcc0e0e0dec*
`登陆天数: 31天 / 668天
等级: 130
石头: 4062
呼符: 161
体力: 30.03333333333333 / 138
友情点: 0 / 412505`
_2024-06-23 04:31:49_
--------
*193f2b96f476b938283df65f88726f58*
`登陆天数: 31天 / 669天
等级: 130
石头: 4045
呼符: 287
体力: 30.0 / 138
友情点: 0 / 411845`
_2024-06-23 04:31:57_
--------
*6d7d3eef567106c05f7574752788cfe5*
`登陆天数: 31天 / 668天
等级: 130
石头: 4086
呼符: 155
体力: 29.97 / 138
友情点: 0 / 412460`
_2024-06-23 04:32:05_
--------
*bd0494f5f49d3b6dcf01172361625e7d*
`登陆天数: 31天 / 668天
等级: 130
石头: 4082
呼符: 278
体力: 29.943333333333328 / 138
友情点: 0 / 412355`
_2024-06-23 04:32:12_
--------
*fc0ad2d37387e5cea92ddfd45b0d7b37*
`登陆天数: 31天 / 668天
等级: 130
石头: 4113
呼符: 116
体力: 29.909999999999997 / 138
友情点: 0 / 413845`
_2024-06-23 04:32:20_
--------
*76511083dad51d1fba52bed528085f50*
`登陆天数: 31天 / 668天
等级: 130
石头: 4074
呼符: 295
体力: 29.879999999999995 / 138
友情点: 0 / 413650`
_2024-06-23 04:32:28_
--------
*d7ad9fd972b788dfed5336419afb514b*
`登陆天数: 31天 / 668天
等级: 130
石头: 4074
呼符: 178
体力: 29.849999999999994 / 138
友情点: 0 / 412425`
_2024-06-23 04:32:35_
--------
*746392085d94995c62fa0ac2b143151f*
`登陆天数: 31天 / 668天
等级: 130
石头: 4072
呼符: 277
体力: 29.819999999999993 / 138
友情点: 0 / 412110`
_2024-06-23 04:32:43_
--------
*e7552423672bfffeb458f5e501f465ef*
`登陆天数: 31天 / 669天
等级: 130
石头: 4067
呼符: 319
体力: 29.78666666666666 / 138
友情点: 0 / 412995`
_2024-06-23 04:32:51_
--------
*86e91afbc09c80f3838de04cc41b3dce*
`登陆天数: 31天 / 669天
等级: 130
石头: 4053
呼符: 329
体力: 29.760000000000005 / 138
友情点: 0 / 412120`
_2024-06-23 04:32:58_
--------
*dd6e1de4839a9c7ca8cba75faae4493d*
`登陆天数: 31天 / 668天
等级: 130
石头: 4077
呼符: 274
体力: 29.726666666666674 / 138
友情点: 0 / 412475`
_2024-06-23 04:33:06_
--------
*522239772739659557effc23809f94bd*
`登陆天数: 31天 / 668天
等级: 130
石头: 4036
呼符: 249
体力: 29.696666666666673 / 138
友情点: 0 / 412665`
_2024-06-23 04:33:13_
--------
*107eb42ca9d4f61704ca888465dd0962*
`登陆天数: 31天 / 669天
等级: 130
石头: 4076
呼符: 320
体力: 29.66666666666667 / 138
友情点: 0 / 412215`
_2024-06-23 04:33:21_
--------
*e974e403a7de40a4fd5ac94f24bb0834*
`登陆天数: 31天 / 668天
等级: 130
石头: 4080
呼符: 310
体力: 29.64 / 138
友情点: 0 / 412685`
_2024-06-23 04:33:29_
--------
*cc0c2d119e0c2d36d701542f0f1a4a03*
`登陆天数: 31天 / 668天
等级: 130
石头: 4071
呼符: 276
体力: 29.60666666666667 / 138
友情点: 0 / 414905`
_2024-06-23 04:33:37_
--------
*f2a6fe82cd506802dff6d7d591f71f2c*
`登陆天数: 31天 / 668天
等级: 130
石头: 4072
呼符: 242
体力: 29.576666666666668 / 138
友情点: 0 / 413395`
_2024-06-23 04:33:44_
--------
*c60ee5cfee36c33ea1e8207f5c9dce01*
`登陆天数: 31天 / 669天
等级: 130
石头: 4080
呼符: 79
体力: 29.546666666666667 / 138
友情点: 0 / 412580`
_2024-06-23 04:33:52_
--------
*ec472d80b620d9fbba63c7f35db87eaa*
`登陆天数: 31天 / 668天
等级: 130
石头: 4079
呼符: 145
体力: 29.516666666666666 / 138
友情点: 0 / 411560`
_2024-06-23 04:34:00_
--------
*c105c8e100822d96094fcf01c92da216*
`登陆天数: 31天 / 669天
等级: 130
石头: 4074
呼符: 133
体力: 29.486666666666665 / 138
友情点: 0 / 412610`
_2024-06-23 04:34:08_
--------
*abb07509768ead9fecc8c4f260955dd2*
`登陆天数: 31天 / 668天
等级: 130
石头: 4062
呼符: 124
体力: 29.456666666666663 / 138
友情点: 0 / 412425`
_2024-06-23 04:34:15_
--------
*447fe6afd55db903bf3e2470e0ba7078*
`登陆天数: 31天 / 669天
等级: 130
石头: 4071
呼符: 281
体力: 29.426666666666662 / 138
友情点: 0 / 412515`
_2024-06-23 04:34:23_
--------
*84a7018410e84af84a669176186ae875*
`登陆天数: 31天 / 669天
等级: 130
石头: 4070
呼符: 84
体力: 29.39666666666666 / 138
友情点: 0 / 414140`
_2024-06-23 04:34:31_
--------
*7a1f24a244dcdf60f36534f419dbb908*
`登陆天数: 31天 / 669天
等级: 130
石头: 4079
呼符: 265
体力: 29.36666666666666 / 138
友情点: 0 / 411630`
_2024-06-23 04:34:39_
--------
*9840fe32dffd17a37d865eb561e48706*
`登陆天数: 31天 / 668天
等级: 130
石头: 4083
呼符: 315
体力: 29.336666666666673 / 138
友情点: 0 / 413215`
_2024-06-23 04:34:47_
--------
*fedd4b98bcabc582a26ebb7d9218839c*
`登陆天数: 31天 / 669天
等级: 130
石头: 4046
呼符: 248
体力: 29.306666666666672 / 138
友情点: 0 / 412210`
_2024-06-23 04:34:54_
--------
*e3473d7da1ea2849e657ff7b2f763372*
`登陆天数: 31天 / 668天
等级: 130
石头: 4032
呼符: 243
体力: 29.273333333333326 / 138
友情点: 0 / 414160`
_2024-06-23 04:35:02_
--------
*999dafd482871ce4d71758002f760eee*
`登陆天数: 31天 / 669天
等级: 130
石头: 4065
呼符: 291
体力: 29.24666666666667 / 138
友情点: 0 / 413590`
_2024-06-23 04:35:10_
--------
*a0045c34dc879882d839d73b274b4d58*
`登陆天数: 31天 / 668天
等级: 130
石头: 4072
呼符: 333
体力: 29.21666666666667 / 138
友情点: 0 / 414880`
_2024-06-23 04:35:18_
--------
*00299b672478a235f710d99394badc20*
`登陆天数: 31天 / 669天
等级: 130
石头: 4072
呼符: 325
体力: 29.189999999999998 / 138
友情点: 0 / 413650`
_2024-06-23 04:35:25_
--------
*ec94a9fec37509a6b90cf874d588a882*
`登陆天数: 31天 / 668天
等级: 130
石头: 4072
呼符: 288
体力: 29.156666666666666 / 138
友情点: 0 / 413540`
_2024-06-23 04:35:33_
--------
*da49e755867411850ee56a1c30da8b22*
`登陆天数: 31天 / 668天
等级: 130
石头: 4077
呼符: 178
体力: 29.129999999999995 / 138
友情点: 0 / 413855`
_2024-06-23 04:35:41_
--------
*cab2ad7f4db21a0bcfc36cf659bea263*
`登陆天数: 31天 / 669天
等级: 130
石头: 4065
呼符: 135
体力: 29.099999999999994 / 138
友情点: 0 / 415075`
_2024-06-23 04:35:48_
--------
*35b65258ae4a0736ac0a02c4848260d8*
`登陆天数: 31天 / 668天
等级: 130
石头: 4072
呼符: 36
体力: 29.066666666666663 / 138
友情点: 0 / 416255`
_2024-06-23 04:35:56_
--------
*c3537e542a8d4a88124fd7512d8b86cf*
`登陆天数: 31天 / 669天
等级: 130
石头: 4074
呼符: 315
体力: 29.040000000000006 / 138
友情点: 0 / 415400`
_2024-06-23 04:36:04_
--------
*1f7f506e36c47ff0f513f433fe827f5a*
`登陆天数: 31天 / 669天
等级: 130
石头: 4075
呼符: 37
体力: 29.010000000000005 / 138
友情点: 0 / 414670`
_2024-06-23 04:36:12_
--------
*f5dc7639ed1cbd7381ce526d77956686*
`登陆天数: 31天 / 668天
等级: 130
石头: 4066
呼符: 265
体力: 28.980000000000004 / 138
友情点: 0 / 413495`
_2024-06-23 04:36:19_
--------
*6ed6ae9faaeb1ae1e4330085c597c517*
`登陆天数: 31天 / 668天
等级: 130
石头: 4049
呼符: 327
体力: 28.953333333333333 / 138
友情点: 0 / 414365`
_2024-06-23 04:36:27_
--------
*526ff769cafe8799e697e452413308df*
`登陆天数: 31天 / 668天
等级: 130
石头: 4076
呼符: 36
体力: 28.92 / 138
友情点: 0 / 413870`
_2024-06-23 04:36:35_
--------
*6611f6468b92247d0811ffd6a0eb44ff*
`登陆天数: 31天 / 669天
等级: 130
石头: 4063
呼符: 317
体力: 28.323333333333338 / 138
友情点: 0 / 415950`
_2024-06-23 04:36:43_
--------
