【登录信息】
*dfb7792f119d396da3b4420695d700b9*
`登陆天数: 32天 / 670天
等级: 130
石头: 4009
呼符: 255
体力: 21076.49 / 138
友情点: 0 / 466255`
_2024-06-24 04:31:12_
--------
*141277de0c6c75d6fef1d51db132b647*
`登陆天数: 32天 / 669天
等级: 130
石头: 4082
呼符: 335
体力: 30.239999999999995 / 138
友情点: 0 / 408010`
_2024-06-24 04:31:20_
--------
*dd1478490f0923e83e82e0d9462ab4c7*
`登陆天数: 32天 / 670天
等级: 130
石头: 4095
呼符: 274
体力: 30.206666666666663 / 138
友情点: 0 / 407205`
_2024-06-24 04:31:27_
--------
*98239d709de6e01096a38e62bdf79ef3*
`登陆天数: 32天 / 669天
等级: 130
石头: 4079
呼符: 321
体力: 30.173333333333332 / 138
友情点: 0 / 406310`
_2024-06-24 04:31:35_
--------
*299736d03529135480f59e914b132031*
`登陆天数: 32天 / 670天
等级: 130
石头: 4073
呼符: 221
体力: 30.14333333333333 / 138
友情点: 0 / 406025`
_2024-06-24 04:31:42_
--------
*e0a2dd39e92f0ccb2931797eaf9eaf5c*
`登陆天数: 32天 / 669天
等级: 130
石头: 4063
呼符: 167
体力: 30.10666666666667 / 138
友情点: 0 / 406695`
_2024-06-24 04:31:50_
--------
*e181726bfabda682901bc0334152dd06*
`登陆天数: 32天 / 669天
等级: 130
石头: 4072
呼符: 36
体力: 30.073333333333338 / 138
友情点: 0 / 405185`
_2024-06-24 04:31:58_
--------
*eece88bb653428e82db863d4157b0f33*
`登陆天数: 32天 / 669天
等级: 130
石头: 4068
呼符: 267
体力: 30.043333333333337 / 138
友情点: 0 / 407185`
_2024-06-24 04:32:05_
--------
*65ef8b242817d25fd2d076b520f89429*
`登陆天数: 32天 / 669天
等级: 130
石头: 4074
呼符: 216
体力: 30.013333333333335 / 138
友情点: 0 / 405660`
_2024-06-24 04:32:13_
--------
*e770773fb98a198b7c520831f126db7a*
`登陆天数: 32天 / 669天
等级: 130
石头: 4057
呼符: 283
体力: 29.980000000000004 / 138
友情点: 0 / 405615`
_2024-06-24 04:32:21_
--------
*e0a93af10759e7c22563d88477bade9d*
`登陆天数: 32天 / 669天
等级: 130
石头: 4063
呼符: 41
体力: 29.946666666666673 / 138
友情点: 0 / 406125`
_2024-06-24 04:32:29_
--------
*86acfdfc1ed9f2c822d31fcc0e0e0dec*
`登陆天数: 32天 / 669天
等级: 130
石头: 4063
呼符: 161
体力: 29.91666666666667 / 138
友情点: 0 / 406505`
_2024-06-24 04:32:37_
--------
*193f2b96f476b938283df65f88726f58*
`登陆天数: 32天 / 670天
等级: 130
石头: 4046
呼符: 287
体力: 29.88666666666667 / 138
友情点: 0 / 405845`
_2024-06-24 04:32:44_
--------
*6d7d3eef567106c05f7574752788cfe5*
`登陆天数: 32天 / 669天
等级: 130
石头: 4087
呼符: 155
体力: 29.849999999999994 / 138
友情点: 0 / 406460`
_2024-06-24 04:32:52_
--------
*bd0494f5f49d3b6dcf01172361625e7d*
`登陆天数: 32天 / 669天
等级: 130
石头: 4083
呼符: 278
体力: 29.819999999999993 / 138
友情点: 0 / 406355`
_2024-06-24 04:32:59_
--------
*fc0ad2d37387e5cea92ddfd45b0d7b37*
`登陆天数: 32天 / 669天
等级: 130
石头: 4114
呼符: 116
体力: 29.790000000000006 / 138
友情点: 0 / 407845`
_2024-06-24 04:33:07_
--------
*76511083dad51d1fba52bed528085f50*
`登陆天数: 32天 / 669天
等级: 130
石头: 4075
呼符: 295
体力: 29.763333333333335 / 138
友情点: 0 / 407650`
_2024-06-24 04:33:15_
--------
*d7ad9fd972b788dfed5336419afb514b*
`登陆天数: 32天 / 669天
等级: 130
石头: 4075
呼符: 178
体力: 29.726666666666674 / 138
友情点: 0 / 406425`
_2024-06-24 04:33:23_
--------
*746392085d94995c62fa0ac2b143151f*
`登陆天数: 32天 / 669天
等级: 130
石头: 4073
呼符: 277
体力: 29.696666666666673 / 138
友情点: 0 / 406110`
_2024-06-24 04:33:30_
--------
*e7552423672bfffeb458f5e501f465ef*
`登陆天数: 32天 / 670天
等级: 130
石头: 4068
呼符: 319
体力: 29.659999999999997 / 138
友情点: 0 / 406995`
_2024-06-24 04:33:38_
--------
*86e91afbc09c80f3838de04cc41b3dce*
`登陆天数: 32天 / 670天
等级: 130
石头: 4054
呼符: 329
体力: 29.629999999999995 / 138
友情点: 0 / 406120`
_2024-06-24 04:33:46_
--------
*dd6e1de4839a9c7ca8cba75faae4493d*
`登陆天数: 32天 / 669天
等级: 130
石头: 4078
呼符: 274
体力: 29.599999999999994 / 138
友情点: 0 / 406475`
_2024-06-24 04:33:53_
--------
*522239772739659557effc23809f94bd*
`登陆天数: 32天 / 669天
等级: 130
石头: 4037
呼符: 249
体力: 29.566666666666663 / 138
友情点: 0 / 406665`
_2024-06-24 04:34:01_
--------
*107eb42ca9d4f61704ca888465dd0962*
`登陆天数: 32天 / 670天
等级: 130
石头: 4077
呼符: 320
体力: 29.540000000000006 / 138
友情点: 0 / 406215`
_2024-06-24 04:34:09_
--------
*e974e403a7de40a4fd5ac94f24bb0834*
`登陆天数: 32天 / 669天
等级: 130
石头: 4081
呼符: 310
体力: 29.510000000000005 / 138
友情点: 0 / 406685`
_2024-06-24 04:34:16_
--------
*cc0c2d119e0c2d36d701542f0f1a4a03*
`登陆天数: 32天 / 669天
等级: 130
石头: 4072
呼符: 276
体力: 29.483333333333334 / 138
友情点: 0 / 408905`
_2024-06-24 04:34:24_
--------
*f2a6fe82cd506802dff6d7d591f71f2c*
`登陆天数: 32天 / 669天
等级: 130
石头: 4073
呼符: 242
体力: 29.450000000000003 / 138
友情点: 0 / 407395`
_2024-06-24 04:34:32_
--------
*c60ee5cfee36c33ea1e8207f5c9dce01*
`登陆天数: 32天 / 670天
等级: 130
石头: 4081
呼符: 79
体力: 29.42 / 138
友情点: 0 / 406580`
_2024-06-24 04:34:39_
--------
*ec472d80b620d9fbba63c7f35db87eaa*
`登陆天数: 32天 / 669天
等级: 130
石头: 4080
呼符: 145
体力: 29.39 / 138
友情点: 0 / 405560`
_2024-06-24 04:34:47_
--------
*c105c8e100822d96094fcf01c92da216*
`登陆天数: 32天 / 670天
等级: 130
石头: 4075
呼符: 133
体力: 29.35666666666667 / 138
友情点: 0 / 406610`
_2024-06-24 04:34:55_
--------
*abb07509768ead9fecc8c4f260955dd2*
`登陆天数: 32天 / 669天
等级: 130
石头: 4063
呼符: 124
体力: 29.33 / 138
友情点: 0 / 406425`
_2024-06-24 04:35:02_
--------
*447fe6afd55db903bf3e2470e0ba7078*
`登陆天数: 32天 / 670天
等级: 130
石头: 4072
呼符: 281
体力: 29.299999999999997 / 138
友情点: 0 / 406515`
_2024-06-24 04:35:10_
--------
*84a7018410e84af84a669176186ae875*
`登陆天数: 32天 / 670天
等级: 130
石头: 4071
呼符: 84
体力: 29.266666666666666 / 138
友情点: 0 / 408140`
_2024-06-24 04:35:18_
--------
*7a1f24a244dcdf60f36534f419dbb908*
`登陆天数: 32天 / 670天
等级: 130
石头: 4080
呼符: 265
体力: 29.236666666666665 / 138
友情点: 0 / 405630`
_2024-06-24 04:35:26_
--------
*9840fe32dffd17a37d865eb561e48706*
`登陆天数: 32天 / 669天
等级: 130
石头: 4084
呼符: 315
体力: 29.209999999999994 / 138
友情点: 0 / 407215`
_2024-06-24 04:35:33_
--------
*fedd4b98bcabc582a26ebb7d9218839c*
`登陆天数: 32天 / 670天
等级: 130
石头: 4047
呼符: 248
体力: 29.176666666666662 / 138
友情点: 0 / 406210`
_2024-06-24 04:35:41_
--------
*e3473d7da1ea2849e657ff7b2f763372*
`登陆天数: 32天 / 669天
等级: 130
石头: 4033
呼符: 243
体力: 29.150000000000006 / 138
友情点: 0 / 408160`
_2024-06-24 04:35:49_
--------
*999dafd482871ce4d71758002f760eee*
`登陆天数: 32天 / 670天
等级: 130
石头: 4066
呼符: 291
体力: 29.11666666666666 / 138
友情点: 0 / 407590`
_2024-06-24 04:35:56_
--------
*a0045c34dc879882d839d73b274b4d58*
`登陆天数: 32天 / 669天
等级: 130
石头: 4073
呼符: 333
体力: 29.086666666666673 / 138
友情点: 0 / 408880`
_2024-06-24 04:36:04_
--------
*00299b672478a235f710d99394badc20*
`登陆天数: 32天 / 670天
等级: 130
石头: 4073
呼符: 325
体力: 29.053333333333327 / 138
友情点: 0 / 407650`
_2024-06-24 04:36:11_
--------
*ec94a9fec37509a6b90cf874d588a882*
`登陆天数: 32天 / 669天
等级: 130
石头: 4073
呼符: 288
体力: 29.02666666666667 / 138
友情点: 0 / 407540`
_2024-06-24 04:36:19_
--------
*da49e755867411850ee56a1c30da8b22*
`登陆天数: 32天 / 669天
等级: 130
石头: 4078
呼符: 178
体力: 28.99333333333334 / 138
友情点: 0 / 407855`
_2024-06-24 04:36:27_
--------
*cab2ad7f4db21a0bcfc36cf659bea263*
`登陆天数: 32天 / 670天
等级: 130
石头: 4066
呼符: 135
体力: 28.96333333333334 / 138
友情点: 0 / 409075`
_2024-06-24 04:36:34_
--------
*35b65258ae4a0736ac0a02c4848260d8*
`登陆天数: 32天 / 669天
等级: 130
石头: 4073
呼符: 36
体力: 28.933333333333337 / 138
友情点: 0 / 410255`
_2024-06-24 04:36:42_
--------
*c3537e542a8d4a88124fd7512d8b86cf*
`登陆天数: 32天 / 670天
等级: 130
石头: 4075
呼符: 315
体力: 28.903333333333336 / 138
友情点: 0 / 409400`
_2024-06-24 04:36:50_
--------
*1f7f506e36c47ff0f513f433fe827f5a*
`登陆天数: 32天 / 670天
等级: 130
石头: 4076
呼符: 37
体力: 28.870000000000005 / 138
友情点: 0 / 408670`
_2024-06-24 04:36:57_
--------
*f5dc7639ed1cbd7381ce526d77956686*
`登陆天数: 32天 / 669天
等级: 130
石头: 4067
呼符: 265
体力: 28.843333333333334 / 138
友情点: 0 / 407495`
_2024-06-24 04:37:05_
--------
*6ed6ae9faaeb1ae1e4330085c597c517*
`登陆天数: 32天 / 669天
等级: 130
石头: 4050
呼符: 327
体力: 28.816666666666663 / 138
友情点: 0 / 408365`
_2024-06-24 04:37:13_
--------
*526ff769cafe8799e697e452413308df*
`登陆天数: 32天 / 669天
等级: 130
石头: 4077
呼符: 36
体力: 28.78333333333333 / 138
友情点: 0 / 407870`
_2024-06-24 04:37:21_
--------
*6611f6468b92247d0811ffd6a0eb44ff*
`登陆天数: 32天 / 670天
等级: 130
石头: 4064
呼符: 317
体力: 28.75333333333333 / 138
友情点: 0 / 409950`
_2024-06-24 04:37:29_
--------
