【登录信息】
*dfb7792f119d396da3b4420695d700b9*
`登陆天数: 33天 / 671天
等级: 130
石头: 4009
呼符: 255
体力: 21364.516666666666 / 138
友情点: 0 / 466255`
_2024-06-25 04:31:20_
--------
*141277de0c6c75d6fef1d51db132b647*
`登陆天数: 33天 / 670天
等级: 130
石头: 4082
呼符: 336
体力: 30.173333333333332 / 138
友情点: 0 / 402010`
_2024-06-25 04:31:27_
--------
*dd1478490f0923e83e82e0d9462ab4c7*
`登陆天数: 33天 / 671天
等级: 130
石头: 4095
呼符: 275
体力: 30.14333333333333 / 138
友情点: 0 / 401205`
_2024-06-25 04:31:35_
--------
*98239d709de6e01096a38e62bdf79ef3*
`登陆天数: 33天 / 670天
等级: 130
石头: 4079
呼符: 322
体力: 30.11333333333333 / 138
友情点: 0 / 400310`
_2024-06-25 04:31:43_
--------
*299736d03529135480f59e914b132031*
`登陆天数: 33天 / 671天
等级: 130
石头: 4073
呼符: 222
体力: 30.086666666666673 / 138
友情点: 0 / 400025`
_2024-06-25 04:31:51_
--------
*e0a2dd39e92f0ccb2931797eaf9eaf5c*
`登陆天数: 33天 / 670天
等级: 130
石头: 4063
呼符: 168
体力: 30.060000000000002 / 138
友情点: 0 / 400695`
_2024-06-25 04:31:58_
--------
*e181726bfabda682901bc0334152dd06*
`登陆天数: 33天 / 670天
等级: 130
石头: 4072
呼符: 37
体力: 30.03 / 138
友情点: 0 / 399185`
_2024-06-25 04:32:06_
--------
*eece88bb653428e82db863d4157b0f33*
`登陆天数: 33天 / 670天
等级: 130
石头: 4068
呼符: 268
体力: 30.00333333333333 / 138
友情点: 0 / 401185`
_2024-06-25 04:32:14_
--------
*65ef8b242817d25fd2d076b520f89429*
`登陆天数: 33天 / 670天
等级: 130
石头: 4074
呼符: 217
体力: 29.980000000000004 / 138
友情点: 0 / 399660`
_2024-06-25 04:32:22_
--------
*e770773fb98a198b7c520831f126db7a*
`登陆天数: 33天 / 670天
等级: 130
石头: 4057
呼符: 284
体力: 29.953333333333333 / 138
友情点: 0 / 399615`
_2024-06-25 04:32:30_
--------
*e0a93af10759e7c22563d88477bade9d*
`登陆天数: 33天 / 670天
等级: 130
石头: 4063
呼符: 42
体力: 29.923333333333332 / 138
友情点: 0 / 400125`
_2024-06-25 04:32:38_
--------
*86acfdfc1ed9f2c822d31fcc0e0e0dec*
`登陆天数: 33天 / 670天
等级: 130
石头: 4063
呼符: 162
体力: 29.89666666666666 / 138
友情点: 0 / 400505`
_2024-06-25 04:32:46_
--------
*193f2b96f476b938283df65f88726f58*
`登陆天数: 33天 / 671天
等级: 130
石头: 4046
呼符: 288
体力: 29.870000000000005 / 138
友情点: 0 / 399845`
_2024-06-25 04:32:53_
--------
*6d7d3eef567106c05f7574752788cfe5*
`登陆天数: 33天 / 670天
等级: 130
石头: 4087
呼符: 156
体力: 29.843333333333334 / 138
友情点: 0 / 400460`
_2024-06-25 04:33:01_
--------
*bd0494f5f49d3b6dcf01172361625e7d*
`登陆天数: 33天 / 670天
等级: 130
石头: 4083
呼符: 279
体力: 29.813333333333333 / 138
友情点: 0 / 400355`
_2024-06-25 04:33:09_
--------
*fc0ad2d37387e5cea92ddfd45b0d7b37*
`登陆天数: 33天 / 670天
等级: 130
石头: 4114
呼符: 117
体力: 29.78666666666666 / 138
友情点: 0 / 401845`
_2024-06-25 04:33:16_
--------
*76511083dad51d1fba52bed528085f50*
`登陆天数: 33天 / 670天
等级: 130
石头: 4075
呼符: 296
体力: 29.760000000000005 / 138
友情点: 0 / 401650`
_2024-06-25 04:33:25_
--------
*d7ad9fd972b788dfed5336419afb514b*
`登陆天数: 33天 / 670天
等级: 130
石头: 4075
呼符: 179
体力: 29.730000000000004 / 138
友情点: 0 / 400425`
_2024-06-25 04:33:33_
--------
*746392085d94995c62fa0ac2b143151f*
`登陆天数: 33天 / 670天
等级: 130
石头: 4073
呼符: 278
体力: 29.703333333333333 / 138
友情点: 0 / 400110`
_2024-06-25 04:33:40_
--------
*e7552423672bfffeb458f5e501f465ef*
`登陆天数: 33天 / 671天
等级: 130
石头: 4068
呼符: 320
体力: 29.676666666666662 / 138
友情点: 0 / 400995`
_2024-06-25 04:33:48_
--------
*86e91afbc09c80f3838de04cc41b3dce*
`登陆天数: 33天 / 671天
等级: 130
石头: 4054
呼符: 330
体力: 29.650000000000006 / 138
友情点: 0 / 400120`
_2024-06-25 04:33:56_
--------
*dd6e1de4839a9c7ca8cba75faae4493d*
`登陆天数: 33天 / 670天
等级: 130
石头: 4078
呼符: 275
体力: 29.620000000000005 / 138
友情点: 0 / 400475`
_2024-06-25 04:34:04_
--------
*522239772739659557effc23809f94bd*
`登陆天数: 33天 / 670天
等级: 130
石头: 4037
呼符: 250
体力: 29.593333333333334 / 138
友情点: 0 / 400665`
_2024-06-25 04:34:12_
--------
*107eb42ca9d4f61704ca888465dd0962*
`登陆天数: 33天 / 671天
等级: 130
石头: 4077
呼符: 321
体力: 29.566666666666663 / 138
友情点: 0 / 400215`
_2024-06-25 04:34:19_
--------
*e974e403a7de40a4fd5ac94f24bb0834*
`登陆天数: 33天 / 670天
等级: 130
石头: 4081
呼符: 311
体力: 29.540000000000006 / 138
友情点: 0 / 400685`
_2024-06-25 04:34:27_
--------
*cc0c2d119e0c2d36d701542f0f1a4a03*
`登陆天数: 33天 / 670天
等级: 130
石头: 4072
呼符: 277
体力: 29.50666666666666 / 138
友情点: 0 / 402905`
_2024-06-25 04:34:35_
--------
*f2a6fe82cd506802dff6d7d591f71f2c*
`登陆天数: 33天 / 670天
等级: 130
石头: 4073
呼符: 243
体力: 29.480000000000004 / 138
友情点: 0 / 401395`
_2024-06-25 04:34:42_
--------
*c60ee5cfee36c33ea1e8207f5c9dce01*
`登陆天数: 33天 / 671天
等级: 130
石头: 4081
呼符: 80
体力: 29.453333333333333 / 138
友情点: 0 / 400580`
_2024-06-25 04:34:50_
--------
*ec472d80b620d9fbba63c7f35db87eaa*
`登陆天数: 33天 / 670天
等级: 130
石头: 4080
呼符: 146
体力: 29.423333333333332 / 138
友情点: 0 / 399560`
_2024-06-25 04:34:58_
--------
*c105c8e100822d96094fcf01c92da216*
`登陆天数: 33天 / 671天
等级: 130
石头: 4075
呼符: 134
体力: 29.39333333333333 / 138
友情点: 0 / 400610`
_2024-06-25 04:35:06_
--------
*abb07509768ead9fecc8c4f260955dd2*
`登陆天数: 33天 / 670天
等级: 130
石头: 4063
呼符: 125
体力: 29.36666666666666 / 138
友情点: 0 / 400425`
_2024-06-25 04:35:13_
--------
*447fe6afd55db903bf3e2470e0ba7078*
`登陆天数: 33天 / 671天
等级: 130
石头: 4072
呼符: 282
体力: 29.340000000000003 / 138
友情点: 0 / 400515`
_2024-06-25 04:35:21_
--------
*84a7018410e84af84a669176186ae875*
`登陆天数: 33天 / 671天
等级: 130
石头: 4071
呼符: 85
体力: 29.316666666666663 / 138
友情点: 0 / 402140`
_2024-06-25 04:35:29_
--------
*7a1f24a244dcdf60f36534f419dbb908*
`登陆天数: 33天 / 671天
等级: 130
石头: 4080
呼符: 266
体力: 29.28333333333333 / 138
友情点: 0 / 399630`
_2024-06-25 04:35:37_
--------
*9840fe32dffd17a37d865eb561e48706*
`登陆天数: 33天 / 670天
等级: 130
石头: 4084
呼符: 316
体力: 29.260000000000005 / 138
友情点: 0 / 401215`
_2024-06-25 04:35:44_
--------
*fedd4b98bcabc582a26ebb7d9218839c*
`登陆天数: 33天 / 671天
等级: 130
石头: 4047
呼符: 249
体力: 29.226666666666674 / 138
友情点: 0 / 400210`
_2024-06-25 04:35:52_
--------
*e3473d7da1ea2849e657ff7b2f763372*
`登陆天数: 33天 / 670天
等级: 130
石头: 4033
呼符: 244
体力: 29.203333333333333 / 138
友情点: 0 / 402160`
_2024-06-25 04:36:00_
--------
*999dafd482871ce4d71758002f760eee*
`登陆天数: 33天 / 671天
等级: 130
石头: 4066
呼符: 292
体力: 29.173333333333332 / 138
友情点: 0 / 401590`
_2024-06-25 04:36:07_
--------
*a0045c34dc879882d839d73b274b4d58*
`登陆天数: 33天 / 670天
等级: 130
石头: 4073
呼符: 334
体力: 29.14666666666666 / 138
友情点: 0 / 402880`
_2024-06-25 04:36:15_
--------
*00299b672478a235f710d99394badc20*
`登陆天数: 33天 / 671天
等级: 130
石头: 4073
呼符: 326
体力: 29.120000000000005 / 138
友情点: 0 / 401650`
_2024-06-25 04:36:23_
--------
*ec94a9fec37509a6b90cf874d588a882*
`登陆天数: 33天 / 670天
等级: 130
石头: 4073
呼符: 289
体力: 29.090000000000003 / 138
友情点: 0 / 401540`
_2024-06-25 04:36:31_
--------
*da49e755867411850ee56a1c30da8b22*
`登陆天数: 33天 / 670天
等级: 130
石头: 4078
呼符: 179
体力: 29.056666666666672 / 138
友情点: 0 / 401855`
_2024-06-25 04:36:38_
--------
*cab2ad7f4db21a0bcfc36cf659bea263*
`登陆天数: 33天 / 671天
等级: 130
石头: 4066
呼符: 136
体力: 29.03 / 138
友情点: 0 / 403075`
_2024-06-25 04:36:46_
--------
*35b65258ae4a0736ac0a02c4848260d8*
`登陆天数: 33天 / 670天
等级: 130
石头: 4073
呼符: 37
体力: 29.00333333333333 / 138
友情点: 0 / 404255`
_2024-06-25 04:36:53_
--------
*c3537e542a8d4a88124fd7512d8b86cf*
`登陆天数: 33天 / 671天
等级: 130
石头: 4075
呼符: 316
体力: 28.97333333333333 / 138
友情点: 0 / 403400`
_2024-06-25 04:37:01_
--------
*1f7f506e36c47ff0f513f433fe827f5a*
`登陆天数: 33天 / 671天
等级: 130
石头: 4076
呼符: 38
体力: 28.946666666666673 / 138
友情点: 0 / 402670`
_2024-06-25 04:37:09_
--------
*f5dc7639ed1cbd7381ce526d77956686*
`登陆天数: 33天 / 670天
等级: 130
石头: 4067
呼符: 266
体力: 28.91666666666667 / 138
友情点: 0 / 401495`
_2024-06-25 04:37:16_
--------
*6ed6ae9faaeb1ae1e4330085c597c517*
`登陆天数: 33天 / 670天
等级: 130
石头: 4050
呼符: 328
体力: 28.88666666666667 / 138
友情点: 0 / 402365`
_2024-06-25 04:37:24_
--------
*526ff769cafe8799e697e452413308df*
`登陆天数: 33天 / 670天
等级: 130
石头: 4077
呼符: 37
体力: 28.86333333333333 / 138
友情点: 0 / 401870`
_2024-06-25 04:37:32_
--------
*6611f6468b92247d0811ffd6a0eb44ff*
`登陆天数: 33天 / 671天
等级: 130
石头: 4064
呼符: 318
体力: 28.836666666666673 / 138
友情点: 0 / 403950`
_2024-06-25 04:37:40_
--------
