【登录信息】
*dfb7792f119d396da3b4420695d700b9*
`登陆天数: 34天 / 672天
等级: 130
石头: 4009
呼符: 255
体力: 21652.746666666666 / 138
友情点: 0 / 466255`
_2024-06-26 04:32:29_
--------
*141277de0c6c75d6fef1d51db132b647*
`登陆天数: 34天 / 671天
等级: 130
石头: 4085
呼符: 336
体力: 30.00333333333333 / 138
友情点: 0 / 396010`
_2024-06-26 04:32:36_
--------
*dd1478490f0923e83e82e0d9462ab4c7*
`登陆天数: 34天 / 672天
等级: 130
石头: 4098
呼符: 275
体力: 29.96666666666667 / 138
友情点: 0 / 395205`
_2024-06-26 04:32:44_
--------
*98239d709de6e01096a38e62bdf79ef3*
`登陆天数: 34天 / 671天
等级: 130
石头: 4082
呼符: 322
体力: 29.939999999999998 / 138
友情点: 0 / 394310`
_2024-06-26 04:32:52_
--------
*299736d03529135480f59e914b132031*
`登陆天数: 34天 / 672天
等级: 130
石头: 4076
呼符: 222
体力: 29.906666666666666 / 138
友情点: 0 / 394025`
_2024-06-26 04:32:59_
--------
*e0a2dd39e92f0ccb2931797eaf9eaf5c*
`登陆天数: 34天 / 671天
等级: 130
石头: 4066
呼符: 168
体力: 29.873333333333335 / 138
友情点: 0 / 394695`
_2024-06-26 04:33:07_
--------
*e181726bfabda682901bc0334152dd06*
`登陆天数: 34天 / 671天
等级: 130
石头: 4075
呼符: 37
体力: 29.843333333333334 / 138
友情点: 0 / 393185`
_2024-06-26 04:33:14_
--------
*eece88bb653428e82db863d4157b0f33*
`登陆天数: 34天 / 671天
等级: 130
石头: 4071
呼符: 268
体力: 29.810000000000002 / 138
友情点: 0 / 395185`
_2024-06-26 04:33:22_
--------
*65ef8b242817d25fd2d076b520f89429*
`登陆天数: 34天 / 671天
等级: 130
石头: 4077
呼符: 217
体力: 29.77666666666667 / 138
友情点: 0 / 393660`
_2024-06-26 04:33:30_
--------
*e770773fb98a198b7c520831f126db7a*
`登陆天数: 34天 / 671天
等级: 130
石头: 4060
呼符: 284
体力: 29.74666666666667 / 138
友情点: 0 / 393615`
_2024-06-26 04:33:38_
--------
*e0a93af10759e7c22563d88477bade9d*
`登陆天数: 34天 / 671天
等级: 130
石头: 4066
呼符: 42
体力: 29.71333333333334 / 138
友情点: 0 / 394125`
_2024-06-26 04:33:45_
--------
*86acfdfc1ed9f2c822d31fcc0e0e0dec*
`登陆天数: 34天 / 671天
等级: 130
石头: 4066
呼符: 162
体力: 29.683333333333337 / 138
友情点: 0 / 394505`
_2024-06-26 04:33:53_
--------
*193f2b96f476b938283df65f88726f58*
`登陆天数: 34天 / 672天
等级: 130
石头: 4049
呼符: 288
体力: 29.64333333333333 / 138
友情点: 0 / 393845`
_2024-06-26 04:34:00_
--------
*6d7d3eef567106c05f7574752788cfe5*
`登陆天数: 34天 / 671天
等级: 130
石头: 4090
呼符: 156
体力: 29.61 / 138
友情点: 0 / 394460`
_2024-06-26 04:34:08_
--------
*bd0494f5f49d3b6dcf01172361625e7d*
`登陆天数: 34天 / 671天
等级: 130
石头: 4086
呼符: 279
体力: 29.58 / 138
友情点: 0 / 394355`
_2024-06-26 04:34:15_
--------
*fc0ad2d37387e5cea92ddfd45b0d7b37*
`登陆天数: 34天 / 671天
等级: 130
石头: 4117
呼符: 117
体力: 29.546666666666667 / 138
友情点: 0 / 395845`
_2024-06-26 04:34:23_
--------
*76511083dad51d1fba52bed528085f50*
`登陆天数: 34天 / 671天
等级: 130
石头: 4078
呼符: 296
体力: 29.516666666666666 / 138
友情点: 0 / 395650`
_2024-06-26 04:34:31_
--------
*d7ad9fd972b788dfed5336419afb514b*
`登陆天数: 34天 / 671天
等级: 130
石头: 4078
呼符: 179
体力: 29.486666666666665 / 138
友情点: 0 / 394425`
_2024-06-26 04:34:39_
--------
*746392085d94995c62fa0ac2b143151f*
`登陆天数: 34天 / 671天
等级: 130
石头: 4076
呼符: 278
体力: 29.456666666666663 / 138
友情点: 0 / 394110`
_2024-06-26 04:34:46_
--------
*e7552423672bfffeb458f5e501f465ef*
`登陆天数: 34天 / 672天
等级: 130
石头: 4071
呼符: 320
体力: 29.423333333333332 / 138
友情点: 0 / 394995`
_2024-06-26 04:34:54_
--------
*86e91afbc09c80f3838de04cc41b3dce*
`登陆天数: 34天 / 672天
等级: 130
石头: 4057
呼符: 330
体力: 29.39 / 138
友情点: 0 / 394120`
_2024-06-26 04:35:01_
--------
*dd6e1de4839a9c7ca8cba75faae4493d*
`登陆天数: 34天 / 671天
等级: 130
石头: 4081
呼符: 275
体力: 29.36 / 138
友情点: 0 / 394475`
_2024-06-26 04:35:09_
--------
*522239772739659557effc23809f94bd*
`登陆天数: 34天 / 671天
等级: 130
石头: 4040
呼符: 250
体力: 29.326666666666668 / 138
友情点: 0 / 394665`
_2024-06-26 04:35:17_
--------
*107eb42ca9d4f61704ca888465dd0962*
`登陆天数: 34天 / 672天
等级: 130
石头: 4080
呼符: 321
体力: 29.299999999999997 / 138
友情点: 0 / 394215`
_2024-06-26 04:35:24_
--------
*e974e403a7de40a4fd5ac94f24bb0834*
`登陆天数: 34天 / 671天
等级: 130
石头: 4084
呼符: 311
体力: 29.266666666666666 / 138
友情点: 0 / 394685`
_2024-06-26 04:35:32_
--------
*cc0c2d119e0c2d36d701542f0f1a4a03*
`登陆天数: 34天 / 671天
等级: 130
石头: 4075
呼符: 277
体力: 29.236666666666665 / 138
友情点: 0 / 396905`
_2024-06-26 04:35:40_
--------
*f2a6fe82cd506802dff6d7d591f71f2c*
`登陆天数: 34天 / 671天
等级: 130
石头: 4076
呼符: 243
体力: 29.203333333333333 / 138
友情点: 0 / 395395`
_2024-06-26 04:35:47_
--------
*c60ee5cfee36c33ea1e8207f5c9dce01*
`登陆天数: 34天 / 672天
等级: 130
石头: 4084
呼符: 80
体力: 29.173333333333332 / 138
友情点: 0 / 394580`
_2024-06-26 04:35:55_
--------
*ec472d80b620d9fbba63c7f35db87eaa*
`登陆天数: 34天 / 671天
等级: 130
石头: 4083
呼符: 146
体力: 29.14 / 138
友情点: 0 / 393560`
_2024-06-26 04:36:03_
--------
*c105c8e100822d96094fcf01c92da216*
`登陆天数: 34天 / 672天
等级: 130
石头: 4078
呼符: 134
体力: 29.11 / 138
友情点: 0 / 394610`
_2024-06-26 04:36:11_
--------
*abb07509768ead9fecc8c4f260955dd2*
`登陆天数: 34天 / 671天
等级: 130
石头: 4066
呼符: 125
体力: 29.08 / 138
友情点: 0 / 394425`
_2024-06-26 04:36:18_
--------
*447fe6afd55db903bf3e2470e0ba7078*
`登陆天数: 34天 / 672天
等级: 130
石头: 4075
呼符: 282
体力: 29.046666666666667 / 138
友情点: 0 / 394515`
_2024-06-26 04:36:26_
--------
*84a7018410e84af84a669176186ae875*
`登陆天数: 34天 / 672天
等级: 130
石头: 4074
呼符: 85
体力: 29.016666666666666 / 138
友情点: 0 / 396140`
_2024-06-26 04:36:34_
--------
*7a1f24a244dcdf60f36534f419dbb908*
`登陆天数: 34天 / 672天
等级: 130
石头: 4083
呼符: 266
体力: 28.986666666666665 / 138
友情点: 0 / 393630`
_2024-06-26 04:36:42_
--------
*9840fe32dffd17a37d865eb561e48706*
`登陆天数: 34天 / 671天
等级: 130
石头: 4087
呼符: 316
体力: 28.959999999999994 / 138
友情点: 0 / 395215`
_2024-06-26 04:36:49_
--------
*fedd4b98bcabc582a26ebb7d9218839c*
`登陆天数: 34天 / 672天
等级: 130
石头: 4050
呼符: 249
体力: 28.926666666666662 / 138
友情点: 0 / 394210`
_2024-06-26 04:36:57_
--------
*e3473d7da1ea2849e657ff7b2f763372*
`登陆天数: 34天 / 671天
等级: 130
石头: 4036
呼符: 244
体力: 28.900000000000006 / 138
友情点: 0 / 396160`
_2024-06-26 04:37:04_
--------
*999dafd482871ce4d71758002f760eee*
`登陆天数: 34天 / 672天
等级: 130
石头: 4069
呼符: 292
体力: 28.86666666666666 / 138
友情点: 0 / 395590`
_2024-06-26 04:37:12_
--------
*a0045c34dc879882d839d73b274b4d58*
`登陆天数: 34天 / 671天
等级: 130
石头: 4076
呼符: 334
体力: 28.836666666666673 / 138
友情点: 0 / 396880`
_2024-06-26 04:37:20_
--------
*00299b672478a235f710d99394badc20*
`登陆天数: 34天 / 672天
等级: 130
石头: 4076
呼符: 326
体力: 28.810000000000002 / 138
友情点: 0 / 395650`
_2024-06-26 04:37:27_
--------
*ec94a9fec37509a6b90cf874d588a882*
`登陆天数: 34天 / 671天
等级: 130
石头: 4076
呼符: 289
体力: 28.78 / 138
友情点: 0 / 395540`
_2024-06-26 04:37:35_
--------
*da49e755867411850ee56a1c30da8b22*
`登陆天数: 34天 / 671天
等级: 130
石头: 4081
呼符: 179
体力: 28.75 / 138
友情点: 0 / 395855`
_2024-06-26 04:37:43_
--------
*cab2ad7f4db21a0bcfc36cf659bea263*
`登陆天数: 34天 / 672天
等级: 130
石头: 4069
呼符: 136
体力: 28.72 / 138
友情点: 0 / 397075`
_2024-06-26 04:37:50_
--------
*35b65258ae4a0736ac0a02c4848260d8*
`登陆天数: 34天 / 671天
等级: 130
石头: 4076
呼符: 37
体力: 28.689999999999998 / 138
友情点: 0 / 398255`
_2024-06-26 04:37:58_
--------
*c3537e542a8d4a88124fd7512d8b86cf*
`登陆天数: 34天 / 672天
等级: 130
石头: 4078
呼符: 316
体力: 28.659999999999997 / 138
友情点: 0 / 397400`
_2024-06-26 04:38:06_
--------
*1f7f506e36c47ff0f513f433fe827f5a*
`登陆天数: 34天 / 672天
等级: 130
石头: 4079
呼符: 38
体力: 28.629999999999995 / 138
友情点: 0 / 396670`
_2024-06-26 04:38:13_
--------
*f5dc7639ed1cbd7381ce526d77956686*
`登陆天数: 34天 / 671天
等级: 130
石头: 4070
呼符: 266
体力: 28.599999999999994 / 138
友情点: 0 / 395495`
_2024-06-26 04:38:21_
--------
*6ed6ae9faaeb1ae1e4330085c597c517*
`登陆天数: 34天 / 671天
等级: 130
石头: 4053
呼符: 328
体力: 28.573333333333338 / 138
友情点: 0 / 396365`
_2024-06-26 04:38:28_
--------
*526ff769cafe8799e697e452413308df*
`登陆天数: 34天 / 671天
等级: 130
石头: 4080
呼符: 37
体力: 28.543333333333337 / 138
友情点: 0 / 395870`
_2024-06-26 04:38:36_
--------
*6611f6468b92247d0811ffd6a0eb44ff*
`登陆天数: 34天 / 672天
等级: 130
石头: 4067
呼符: 318
体力: 28.510000000000005 / 138
友情点: 0 / 397950`
_2024-06-26 04:38:44_
--------
