【登录信息】
*dfb7792f119d396da3b4420695d700b9*
`登陆天数: 37天 / 675天
等级: 130
石头: 4009
呼符: 255
体力: 22514.003333333334 / 138
友情点: 0 / 466255`
_2024-06-29 04:18:46_
--------
*141277de0c6c75d6fef1d51db132b647*
`登陆天数: 37天 / 674天
等级: 130
石头: 4105
呼符: 337
体力: 27.476666666666674 / 138
友情点: 0 / 380010`
_2024-06-29 04:18:54_
--------
*dd1478490f0923e83e82e0d9462ab4c7*
`登陆天数: 37天 / 675天
等级: 130
石头: 4118
呼符: 276
体力: 27.453333333333333 / 138
友情点: 0 / 379205`
_2024-06-29 04:19:02_
--------
*98239d709de6e01096a38e62bdf79ef3*
`登陆天数: 37天 / 674天
等级: 130
石头: 4102
呼符: 323
体力: 27.42 / 138
友情点: 0 / 378310`
_2024-06-29 04:19:10_
--------
*299736d03529135480f59e914b132031*
`登陆天数: 37天 / 675天
等级: 130
石头: 4096
呼符: 223
体力: 27.39 / 138
友情点: 0 / 378025`
_2024-06-29 04:19:18_
--------
*e0a2dd39e92f0ccb2931797eaf9eaf5c*
`登陆天数: 37天 / 674天
等级: 130
石头: 4086
呼符: 169
体力: 27.36 / 138
友情点: 0 / 380695`
_2024-06-29 04:19:25_
--------
*e181726bfabda682901bc0334152dd06*
`登陆天数: 37天 / 674天
等级: 130
石头: 4095
呼符: 38
体力: 27.323333333333338 / 138
友情点: 0 / 389185`
_2024-06-29 04:19:33_
--------
*eece88bb653428e82db863d4157b0f33*
`登陆天数: 37天 / 674天
等级: 130
石头: 4091
呼符: 269
体力: 27.296666666666667 / 138
友情点: 0 / 379185`
_2024-06-29 04:19:41_
--------
*65ef8b242817d25fd2d076b520f89429*
`登陆天数: 37天 / 674天
等级: 130
石头: 4097
呼符: 218
体力: 27.266666666666666 / 138
友情点: 0 / 377660`
_2024-06-29 04:19:49_
--------
*e770773fb98a198b7c520831f126db7a*
`登陆天数: 37天 / 674天
等级: 130
石头: 4080
呼符: 285
体力: 27.236666666666665 / 138
友情点: 0 / 377615`
_2024-06-29 04:19:57_
--------
*e0a93af10759e7c22563d88477bade9d*
`登陆天数: 37天 / 674天
等级: 130
石头: 4086
呼符: 43
体力: 27.209999999999994 / 138
友情点: 0 / 386125`
_2024-06-29 04:20:05_
--------
*86acfdfc1ed9f2c822d31fcc0e0e0dec*
`登陆天数: 37天 / 674天
等级: 130
石头: 4086
呼符: 163
体力: 27.176666666666662 / 138
友情点: 0 / 378505`
_2024-06-29 04:20:13_
--------
*193f2b96f476b938283df65f88726f58*
`登陆天数: 37天 / 675天
等级: 130
石头: 4069
呼符: 289
体力: 27.150000000000006 / 138
友情点: 0 / 377845`
_2024-06-29 04:20:21_
--------
*6d7d3eef567106c05f7574752788cfe5*
`登陆天数: 37天 / 674天
等级: 130
石头: 4110
呼符: 157
体力: 27.120000000000005 / 138
友情点: 0 / 378460`
_2024-06-29 04:20:29_
--------
*bd0494f5f49d3b6dcf01172361625e7d*
`登陆天数: 37天 / 674天
等级: 130
石头: 4106
呼符: 280
体力: 27.090000000000003 / 138
友情点: 0 / 378355`
_2024-06-29 04:20:36_
--------
*fc0ad2d37387e5cea92ddfd45b0d7b37*
`登陆天数: 37天 / 674天
等级: 130
石头: 4137
呼符: 118
体力: 27.056666666666672 / 138
友情点: 0 / 381845`
_2024-06-29 04:20:44_
--------
*76511083dad51d1fba52bed528085f50*
`登陆天数: 37天 / 674天
等级: 130
石头: 4098
呼符: 297
体力: 27.03 / 138
友情点: 0 / 379650`
_2024-06-29 04:20:52_
--------
*d7ad9fd972b788dfed5336419afb514b*
`登陆天数: 37天 / 674天
等级: 130
石头: 4098
呼符: 180
体力: 27.0 / 138
友情点: 0 / 378425`
_2024-06-29 04:21:00_
--------
*746392085d94995c62fa0ac2b143151f*
`登陆天数: 37天 / 674天
等级: 130
石头: 4096
呼符: 279
体力: 26.97333333333333 / 138
友情点: 0 / 378110`
_2024-06-29 04:21:07_
--------
*e7552423672bfffeb458f5e501f465ef*
`登陆天数: 37天 / 675天
等级: 130
石头: 4091
呼符: 321
体力: 26.939999999999998 / 138
友情点: 0 / 378995`
_2024-06-29 04:21:15_
--------
*86e91afbc09c80f3838de04cc41b3dce*
`登陆天数: 37天 / 675天
等级: 130
石头: 4077
呼符: 331
体力: 26.909999999999997 / 138
友情点: 0 / 378120`
_2024-06-29 04:21:23_
--------
*dd6e1de4839a9c7ca8cba75faae4493d*
`登陆天数: 37天 / 674天
等级: 130
石头: 4101
呼符: 276
体力: 26.879999999999995 / 138
友情点: 0 / 378475`
_2024-06-29 04:21:30_
--------
*522239772739659557effc23809f94bd*
`登陆天数: 37天 / 674天
等级: 130
石头: 4060
呼符: 251
体力: 26.846666666666664 / 138
友情点: 0 / 378665`
_2024-06-29 04:21:38_
--------
*107eb42ca9d4f61704ca888465dd0962*
`登陆天数: 37天 / 675天
等级: 130
石头: 4100
呼符: 322
体力: 26.816666666666663 / 138
友情点: 0 / 378215`
_2024-06-29 04:21:46_
--------
*e974e403a7de40a4fd5ac94f24bb0834*
`登陆天数: 37天 / 674天
等级: 130
石头: 4104
呼符: 312
体力: 26.78333333333333 / 138
友情点: 0 / 378685`
_2024-06-29 04:21:54_
--------
*cc0c2d119e0c2d36d701542f0f1a4a03*
`登陆天数: 37天 / 674天
等级: 130
石头: 4095
呼符: 278
体力: 26.75 / 138
友情点: 0 / 380905`
_2024-06-29 04:22:02_
--------
*f2a6fe82cd506802dff6d7d591f71f2c*
`登陆天数: 37天 / 674天
等级: 130
石头: 4096
呼符: 244
体力: 26.72 / 138
友情点: 0 / 379395`
_2024-06-29 04:22:09_
--------
*c60ee5cfee36c33ea1e8207f5c9dce01*
`登陆天数: 37天 / 675天
等级: 130
石头: 4104
呼符: 81
体力: 26.689999999999998 / 138
友情点: 0 / 388580`
_2024-06-29 04:22:17_
--------
*ec472d80b620d9fbba63c7f35db87eaa*
`登陆天数: 37天 / 674天
等级: 130
石头: 4103
呼符: 147
体力: 26.663333333333327 / 138
友情点: 0 / 377560`
_2024-06-29 04:22:26_
--------
*c105c8e100822d96094fcf01c92da216*
`登陆天数: 37天 / 675天
等级: 130
石头: 4098
呼符: 135
体力: 26.63333333333334 / 138
友情点: 0 / 382610`
_2024-06-29 04:22:33_
--------
*abb07509768ead9fecc8c4f260955dd2*
`登陆天数: 37天 / 674天
等级: 130
石头: 4086
呼符: 126
体力: 26.60333333333334 / 138
友情点: 0 / 378425`
_2024-06-29 04:22:41_
--------
*447fe6afd55db903bf3e2470e0ba7078*
`登陆天数: 37天 / 675天
等级: 130
石头: 4095
呼符: 283
体力: 26.573333333333338 / 138
友情点: 0 / 378515`
_2024-06-29 04:22:49_
--------
*84a7018410e84af84a669176186ae875*
`登陆天数: 37天 / 675天
等级: 130
石头: 4094
呼符: 86
体力: 26.543333333333337 / 138
友情点: 0 / 390140`
_2024-06-29 04:22:57_
--------
*7a1f24a244dcdf60f36534f419dbb908*
`登陆天数: 37天 / 675天
等级: 130
石头: 4103
呼符: 267
体力: 26.516666666666666 / 138
友情点: 0 / 377630`
_2024-06-29 04:23:05_
--------
*9840fe32dffd17a37d865eb561e48706*
`登陆天数: 37天 / 674天
等级: 130
石头: 4107
呼符: 317
体力: 26.486666666666665 / 138
友情点: 0 / 379215`
_2024-06-29 04:23:12_
--------
*fedd4b98bcabc582a26ebb7d9218839c*
`登陆天数: 37天 / 675天
等级: 130
石头: 4070
呼符: 250
体力: 26.456666666666663 / 138
友情点: 0 / 380210`
_2024-06-29 04:23:20_
--------
*e3473d7da1ea2849e657ff7b2f763372*
`登陆天数: 37天 / 674天
等级: 130
石头: 4056
呼符: 245
体力: 26.433333333333337 / 138
友情点: 0 / 382160`
_2024-06-29 04:23:28_
--------
*999dafd482871ce4d71758002f760eee*
`登陆天数: 37天 / 675天
等级: 130
石头: 4089
呼符: 293
体力: 26.409999999999997 / 138
友情点: 0 / 381590`
_2024-06-29 04:23:36_
--------
*a0045c34dc879882d839d73b274b4d58*
`登陆天数: 37天 / 674天
等级: 130
石头: 4096
呼符: 335
体力: 26.39 / 138
友情点: 0 / 380880`
_2024-06-29 04:23:44_
--------
*00299b672478a235f710d99394badc20*
`登陆天数: 37天 / 675天
等级: 130
石头: 4096
呼符: 327
体力: 26.36333333333333 / 138
友情点: 0 / 379650`
_2024-06-29 04:23:51_
--------
*ec94a9fec37509a6b90cf874d588a882*
`登陆天数: 37天 / 674天
等级: 130
石头: 4096
呼符: 290
体力: 26.336666666666673 / 138
友情点: 0 / 379540`
_2024-06-29 04:23:59_
--------
*da49e755867411850ee56a1c30da8b22*
`登陆天数: 37天 / 674天
等级: 130
石头: 4101
呼符: 180
体力: 26.306666666666672 / 138
友情点: 0 / 379855`
_2024-06-29 04:24:07_
--------
*cab2ad7f4db21a0bcfc36cf659bea263*
`登陆天数: 37天 / 675天
等级: 130
石头: 4089
呼符: 137
体力: 26.273333333333326 / 138
友情点: 0 / 381075`
_2024-06-29 04:24:15_
--------
*35b65258ae4a0736ac0a02c4848260d8*
`登陆天数: 37天 / 674天
等级: 130
石头: 4096
呼符: 38
体力: 26.24333333333334 / 138
友情点: 0 / 392255`
_2024-06-29 04:24:22_
--------
*c3537e542a8d4a88124fd7512d8b86cf*
`登陆天数: 37天 / 675天
等级: 130
石头: 4098
呼符: 317
体力: 26.21666666666667 / 138
友情点: 0 / 381400`
_2024-06-29 04:24:30_
--------
*1f7f506e36c47ff0f513f433fe827f5a*
`登陆天数: 37天 / 675天
等级: 130
石头: 4099
呼符: 39
体力: 26.180000000000007 / 138
友情点: 0 / 388670`
_2024-06-29 04:24:38_
--------
*f5dc7639ed1cbd7381ce526d77956686*
`登陆天数: 37天 / 674天
等级: 130
石头: 4090
呼符: 267
体力: 26.159999999999997 / 138
友情点: 0 / 379495`
_2024-06-29 04:24:46_
--------
*6ed6ae9faaeb1ae1e4330085c597c517*
`登陆天数: 37天 / 674天
等级: 130
石头: 4073
呼符: 329
体力: 26.126666666666665 / 138
友情点: 0 / 380365`
_2024-06-29 04:24:54_
--------
*526ff769cafe8799e697e452413308df*
`登陆天数: 37天 / 674天
等级: 130
石头: 4100
呼符: 38
体力: 26.096666666666664 / 138
友情点: 0 / 395870`
_2024-06-29 04:25:02_
--------
*6611f6468b92247d0811ffd6a0eb44ff*
`登陆天数: 37天 / 675天
等级: 130
石头: 4087
呼符: 319
体力: 26.066666666666663 / 138
友情点: 0 / 381950`
_2024-06-29 04:25:09_
--------
